Using pre-set license
Built from '2020.2/release' branch; Version is '2020.2.1f1 (270dd8c3da1c) revision 2559448'; Using compiler version '192528614'; Build Type 'Release'
OS: 'Windows 10  (10.0.0) 64bit' Language: 'ru' Physical Memory: 12237 MB
BatchMode: 1, IsHumanControllingUs: 0, StartBugReporterOnCrash: 0, Is64bit: 1, IsPro: 0

 COMMAND LINE ARGUMENTS:
C:\Program Files\UnityProjects\2020.2.1f1\Editor\Unity.exe
-adb2
-batchMode
-noUpm
-name
AssetImportWorker0
-projectPath
C:/Users/User/MyGame
-logFile
Logs/AssetImportWorker0.log
-srvPort
60140
Successfully changed project path to: C:/Users/User/MyGame
C:/Users/User/MyGame
Using Asset Import Pipeline V2.
Refreshing native plugins compatible for Editor in 63.09 ms, found 0 plugins.
Preloading 0 native plugins for Editor in 0.00 ms.
Initialize engine version: 2020.2.1f1 (270dd8c3da1c)
[Subsystems] Discovering subsystems at path C:/Program Files/UnityProjects/2020.2.1f1/Editor/Data/Resources/UnitySubsystems
[Subsystems] Discovering subsystems at path C:/Users/User/MyGame/Assets
GfxDevice: creating device client; threaded=0
Direct3D:
    Version:  Direct3D 11.0 [level 11.1]
    Renderer: NVIDIA GeForce GTX 1050 Ti (ID=0x1c82)
    Vendor:   
    VRAM:     4018 MB
    Driver:   27.21.14.5751
Initialize mono
Mono path[0] = 'C:/Program Files/UnityProjects/2020.2.1f1/Editor/Data/Managed'
Mono path[1] = 'C:/Program Files/UnityProjects/2020.2.1f1/Editor/Data/MonoBleedingEdge/lib/mono/unityjit'
Mono config path = 'C:/Program Files/UnityProjects/2020.2.1f1/Editor/Data/MonoBleedingEdge/etc'
Using monoOptions --debugger-agent=transport=dt_socket,embedding=1,server=y,suspend=n,address=127.0.0.1:56572
Begin MonoManager ReloadAssembly
Registering precompiled unity dll's ...
Register platform support module: C:/Program Files/UnityProjects/2020.2.1f1/Editor/Data/PlaybackEngines/WindowsStandaloneSupport/UnityEditor.WindowsStandalone.Extensions.dll
Registered in 0.002034 seconds.
Native extension for WindowsStandalone target not found
Refreshing native plugins compatible for Editor in 64.33 ms, found 0 plugins.
Preloading 0 native plugins for Editor in 0.00 ms.
Invoked RoslynAnalysisRunner static constructor.
RoslynAnalysisRunner will not be running.
RoslynAnalysisRunner has terminated.
Mono: successfully reloaded assembly
- Completed reload, in  1.199 seconds
Platform modules already initialized, skipping
Registering precompiled user dll's ...
Registered in 0.001663 seconds.
Begin MonoManager ReloadAssembly
Native extension for WindowsStandalone target not found
Refreshing native plugins compatible for Editor in 67.14 ms, found 0 plugins.
Preloading 0 native plugins for Editor in 0.00 ms.
Invoked RoslynAnalysisRunner static constructor.
RoslynAnalysisRunner will not be running.
RoslynAnalysisRunner has terminated.
Mono: successfully reloaded assembly
- Completed reload, in  1.308 seconds
Platform modules already initialized, skipping
========================================================================
Worker process is ready to serve import requests
Shader 'Universal Render Pipeline/Particles/Lit': fallback shader 'Universal Render Pipeline/Particles/SimpleLit' not found
Shader 'Universal Render Pipeline/Particles/Lit': fallback shader 'Universal Render Pipeline/Particles/SimpleLit' not found
Launched and connected shader compiler UnityShaderCompiler.exe after 0.05 seconds
Refreshing native plugins compatible for Editor in 0.58 ms, found 0 plugins.
Preloading 0 native plugins for Editor in 0.00 ms.
Unloading 2944 Unused Serialized files (Serialized files now loaded: 0)
System memory in use before: 133.9 MB.
System memory in use after: 131.8 MB.

Unloading 160 unused Assets to reduce memory usage. Loaded Objects now: 3343.
Total: 4.192900 ms (FindLiveObjects: 0.320200 ms CreateObjectMapping: 0.081100 ms MarkObjects: 2.348200 ms  DeleteObjects: 1.442300 ms)

========================================================================
Received Import Request.
  path: Assets/enemy1Controller.cs
  artifactKey: Guid(680ddace20009e34e9a3e40b374052d1) Importer(815301076,1909f56bfc062723c751e8b465ee728b)
Start importing Assets/enemy1Controller.cs using Guid(680ddace20009e34e9a3e40b374052d1) Importer(815301076,1909f56bfc062723c751e8b465ee728b)  -> (artifact id: '0a562b849bbf522e204d39fae42b4587') in 0.038864 seconds
  Import took 0.044078 seconds .

========================================================================
Received Prepare
Shader 'Universal Render Pipeline/Particles/Lit': fallback shader 'Universal Render Pipeline/Particles/SimpleLit' not found
Shader 'Universal Render Pipeline/Particles/Lit': fallback shader 'Universal Render Pipeline/Particles/SimpleLit' not found
Refreshing native plugins compatible for Editor in 1.46 ms, found 0 plugins.
Preloading 0 native plugins for Editor in 0.00 ms.
Unloading 39 Unused Serialized files (Serialized files now loaded: 0)
System memory in use before: 73.0 MB.
System memory in use after: 70.9 MB.

Unloading 39 unused Assets to reduce memory usage. Loaded Objects now: 3343.
Total: 4.263800 ms (FindLiveObjects: 0.308900 ms CreateObjectMapping: 0.074900 ms MarkObjects: 2.533000 ms  DeleteObjects: 1.345800 ms)

========================================================================
Received Import Request.
  Time since last request: 79.094922 seconds.
  path: Assets/AttackController.cs
  artifactKey: Guid(93bc8b82e95249d40bd2c5183a2aaf37) Importer(815301076,1909f56bfc062723c751e8b465ee728b)
Start importing Assets/AttackController.cs using Guid(93bc8b82e95249d40bd2c5183a2aaf37) Importer(815301076,1909f56bfc062723c751e8b465ee728b)  -> (artifact id: 'aa1c60af7e997aec6164933a32b421eb') in 0.008141 seconds
  Import took 0.013660 seconds .

========================================================================
Received Prepare
Registering precompiled user dll's ...
Registered in 0.001741 seconds.
Begin MonoManager ReloadAssembly
Native extension for WindowsStandalone target not found
Refreshing native plugins compatible for Editor in 0.61 ms, found 0 plugins.
Preloading 0 native plugins for Editor in 0.00 ms.
Warning: Annotation not found!
UnityEngine.StackTraceUtility:ExtractStackTrace ()
UnityEditor.ProBuilder.EditorUtility:SetGizmoIconEnabled (System.Type,bool) (at Library/PackageCache/com.unity.probuilder@4.4.0/Editor/EditorCore/EditorUtility.cs:593)
UnityEditor.ProBuilder.HierarchyListener:.cctor () (at Library/PackageCache/com.unity.probuilder@4.4.0/Editor/EditorCore/HierarchyListener.cs:21)
System.Runtime.CompilerServices.RuntimeHelpers:RunClassConstructor (System.RuntimeTypeHandle)
UnityEditor.EditorAssemblies:ProcessInitializeOnLoadAttributes (System.Type[])

[Library/PackageCache/com.unity.probuilder@4.4.0/Editor/EditorCore/EditorUtility.cs line 593]

Invoked RoslynAnalysisRunner static constructor.
RoslynAnalysisRunner will not be running.
RoslynAnalysisRunner has terminated.
Mono: successfully reloaded assembly
- Completed reload, in  0.994 seconds
Platform modules already initialized, skipping
Shader 'Universal Render Pipeline/Particles/Lit': fallback shader 'Universal Render Pipeline/Particles/SimpleLit' not found
Shader 'Universal Render Pipeline/Particles/Lit': fallback shader 'Universal Render Pipeline/Particles/SimpleLit' not found
Refreshing native plugins compatible for Editor in 0.64 ms, found 0 plugins.
Preloading 0 native plugins for Editor in 0.00 ms.
Unloading 2835 Unused Serialized files (Serialized files now loaded: 0)
System memory in use before: 129.5 MB.
System memory in use after: 127.4 MB.

Unloading 44 unused Assets to reduce memory usage. Loaded Objects now: 3345.
Total: 4.475500 ms (FindLiveObjects: 0.415000 ms CreateObjectMapping: 0.081600 ms MarkObjects: 2.578800 ms  DeleteObjects: 1.398200 ms)

========================================================================
Received Import Request.
  Time since last request: 92.404258 seconds.
  path: Assets/AttackController.cs
  artifactKey: Guid(93bc8b82e95249d40bd2c5183a2aaf37) Importer(815301076,1909f56bfc062723c751e8b465ee728b)
Start importing Assets/AttackController.cs using Guid(93bc8b82e95249d40bd2c5183a2aaf37) Importer(815301076,1909f56bfc062723c751e8b465ee728b)  -> (artifact id: 'ab260ce83745e7c00eb846e37f2837d4') in 0.011330 seconds
  Import took 0.016571 seconds .

========================================================================
Received Prepare
Registering precompiled user dll's ...
Registered in 0.001728 seconds.
Begin MonoManager ReloadAssembly
Native extension for WindowsStandalone target not found
Refreshing native plugins compatible for Editor in 0.54 ms, found 0 plugins.
Preloading 0 native plugins for Editor in 0.00 ms.
Warning: Annotation not found!
UnityEngine.StackTraceUtility:ExtractStackTrace ()
UnityEditor.ProBuilder.EditorUtility:SetGizmoIconEnabled (System.Type,bool) (at Library/PackageCache/com.unity.probuilder@4.4.0/Editor/EditorCore/EditorUtility.cs:593)
UnityEditor.ProBuilder.HierarchyListener:.cctor () (at Library/PackageCache/com.unity.probuilder@4.4.0/Editor/EditorCore/HierarchyListener.cs:21)
System.Runtime.CompilerServices.RuntimeHelpers:RunClassConstructor (System.RuntimeTypeHandle)
UnityEditor.EditorAssemblies:ProcessInitializeOnLoadAttributes (System.Type[])

[Library/PackageCache/com.unity.probuilder@4.4.0/Editor/EditorCore/EditorUtility.cs line 593]

Invoked RoslynAnalysisRunner static constructor.
RoslynAnalysisRunner will not be running.
RoslynAnalysisRunner has terminated.
Mono: successfully reloaded assembly
- Completed reload, in  1.015 seconds
Platform modules already initialized, skipping
Shader 'Universal Render Pipeline/Particles/Lit': fallback shader 'Universal Render Pipeline/Particles/SimpleLit' not found
Shader 'Universal Render Pipeline/Particles/Lit': fallback shader 'Universal Render Pipeline/Particles/SimpleLit' not found
Refreshing native plugins compatible for Editor in 0.55 ms, found 0 plugins.
Preloading 0 native plugins for Editor in 0.00 ms.
Unloading 2835 Unused Serialized files (Serialized files now loaded: 0)
System memory in use before: 129.7 MB.
System memory in use after: 127.5 MB.

Unloading 44 unused Assets to reduce memory usage. Loaded Objects now: 3347.
Total: 5.255200 ms (FindLiveObjects: 0.375400 ms CreateObjectMapping: 0.089400 ms MarkObjects: 3.102900 ms  DeleteObjects: 1.685900 ms)

========================================================================
Received Prepare
Registering precompiled user dll's ...
Registered in 0.001717 seconds.
Begin MonoManager ReloadAssembly
Native extension for WindowsStandalone target not found
Refreshing native plugins compatible for Editor in 0.61 ms, found 0 plugins.
Preloading 0 native plugins for Editor in 0.00 ms.
Warning: Annotation not found!
UnityEngine.StackTraceUtility:ExtractStackTrace ()
UnityEditor.ProBuilder.EditorUtility:SetGizmoIconEnabled (System.Type,bool) (at Library/PackageCache/com.unity.probuilder@4.4.0/Editor/EditorCore/EditorUtility.cs:593)
UnityEditor.ProBuilder.HierarchyListener:.cctor () (at Library/PackageCache/com.unity.probuilder@4.4.0/Editor/EditorCore/HierarchyListener.cs:21)
System.Runtime.CompilerServices.RuntimeHelpers:RunClassConstructor (System.RuntimeTypeHandle)
UnityEditor.EditorAssemblies:ProcessInitializeOnLoadAttributes (System.Type[])

[Library/PackageCache/com.unity.probuilder@4.4.0/Editor/EditorCore/EditorUtility.cs line 593]

Invoked RoslynAnalysisRunner static constructor.
RoslynAnalysisRunner will not be running.
RoslynAnalysisRunner has terminated.
Mono: successfully reloaded assembly
- Completed reload, in  0.993 seconds
Platform modules already initialized, skipping
Shader 'Universal Render Pipeline/Particles/Lit': fallback shader 'Universal Render Pipeline/Particles/SimpleLit' not found
Shader 'Universal Render Pipeline/Particles/Lit': fallback shader 'Universal Render Pipeline/Particles/SimpleLit' not found
Refreshing native plugins compatible for Editor in 0.64 ms, found 0 plugins.
Preloading 0 native plugins for Editor in 0.00 ms.
Unloading 2835 Unused Serialized files (Serialized files now loaded: 0)
System memory in use before: 129.6 MB.
System memory in use after: 127.5 MB.

Unloading 44 unused Assets to reduce memory usage. Loaded Objects now: 3349.
Total: 4.865600 ms (FindLiveObjects: 0.431500 ms CreateObjectMapping: 0.087800 ms MarkObjects: 2.758700 ms  DeleteObjects: 1.584200 ms)

========================================================================
Received Prepare
Registering precompiled user dll's ...
Registered in 0.001772 seconds.
Begin MonoManager ReloadAssembly
Native extension for WindowsStandalone target not found
Refreshing native plugins compatible for Editor in 0.56 ms, found 0 plugins.
Preloading 0 native plugins for Editor in 0.00 ms.
Warning: Annotation not found!
UnityEngine.StackTraceUtility:ExtractStackTrace ()
UnityEditor.ProBuilder.EditorUtility:SetGizmoIconEnabled (System.Type,bool) (at Library/PackageCache/com.unity.probuilder@4.4.0/Editor/EditorCore/EditorUtility.cs:593)
UnityEditor.ProBuilder.HierarchyListener:.cctor () (at Library/PackageCache/com.unity.probuilder@4.4.0/Editor/EditorCore/HierarchyListener.cs:21)
System.Runtime.CompilerServices.RuntimeHelpers:RunClassConstructor (System.RuntimeTypeHandle)
UnityEditor.EditorAssemblies:ProcessInitializeOnLoadAttributes (System.Type[])

[Library/PackageCache/com.unity.probuilder@4.4.0/Editor/EditorCore/EditorUtility.cs line 593]

Invoked RoslynAnalysisRunner static constructor.
RoslynAnalysisRunner will not be running.
RoslynAnalysisRunner has terminated.
Mono: successfully reloaded assembly
- Completed reload, in  0.995 seconds
Platform modules already initialized, skipping
Shader 'Universal Render Pipeline/Particles/Lit': fallback shader 'Universal Render Pipeline/Particles/SimpleLit' not found
Shader 'Universal Render Pipeline/Particles/Lit': fallback shader 'Universal Render Pipeline/Particles/SimpleLit' not found
Refreshing native plugins compatible for Editor in 0.54 ms, found 0 plugins.
Preloading 0 native plugins for Editor in 0.00 ms.
Unloading 2835 Unused Serialized files (Serialized files now loaded: 0)
System memory in use before: 129.6 MB.
System memory in use after: 127.5 MB.

Unloading 44 unused Assets to reduce memory usage. Loaded Objects now: 3351.
Total: 4.360000 ms (FindLiveObjects: 0.335700 ms CreateObjectMapping: 0.077300 ms MarkObjects: 2.430500 ms  DeleteObjects: 1.515200 ms)

========================================================================
Received Prepare
Registering precompiled user dll's ...
Registered in 0.001776 seconds.
Begin MonoManager ReloadAssembly
Native extension for WindowsStandalone target not found
Refreshing native plugins compatible for Editor in 0.66 ms, found 0 plugins.
Preloading 0 native plugins for Editor in 0.00 ms.
Warning: Annotation not found!
UnityEngine.StackTraceUtility:ExtractStackTrace ()
UnityEditor.ProBuilder.EditorUtility:SetGizmoIconEnabled (System.Type,bool) (at Library/PackageCache/com.unity.probuilder@4.4.0/Editor/EditorCore/EditorUtility.cs:593)
UnityEditor.ProBuilder.HierarchyListener:.cctor () (at Library/PackageCache/com.unity.probuilder@4.4.0/Editor/EditorCore/HierarchyListener.cs:21)
System.Runtime.CompilerServices.RuntimeHelpers:RunClassConstructor (System.RuntimeTypeHandle)
UnityEditor.EditorAssemblies:ProcessInitializeOnLoadAttributes (System.Type[])

[Library/PackageCache/com.unity.probuilder@4.4.0/Editor/EditorCore/EditorUtility.cs line 593]

Invoked RoslynAnalysisRunner static constructor.
RoslynAnalysisRunner will not be running.
RoslynAnalysisRunner has terminated.
Mono: successfully reloaded assembly
- Completed reload, in  0.976 seconds
Platform modules already initialized, skipping
Shader 'Universal Render Pipeline/Particles/Lit': fallback shader 'Universal Render Pipeline/Particles/SimpleLit' not found
Shader 'Universal Render Pipeline/Particles/Lit': fallback shader 'Universal Render Pipeline/Particles/SimpleLit' not found
Refreshing native plugins compatible for Editor in 0.79 ms, found 0 plugins.
Preloading 0 native plugins for Editor in 0.00 ms.
Unloading 2835 Unused Serialized files (Serialized files now loaded: 0)
System memory in use before: 129.6 MB.
System memory in use after: 127.5 MB.

Unloading 44 unused Assets to reduce memory usage. Loaded Objects now: 3353.
Total: 4.780400 ms (FindLiveObjects: 0.341300 ms CreateObjectMapping: 0.081600 ms MarkObjects: 2.722600 ms  DeleteObjects: 1.633500 ms)

========================================================================
Received Import Request.
  Time since last request: 6526.278401 seconds.
  path: Assets/Anim/enemy1Attack.anim
  artifactKey: Guid(ff1294d26188a5a4cb7dbc38f15a3519) Importer(815301076,1909f56bfc062723c751e8b465ee728b)
Start importing Assets/Anim/enemy1Attack.anim using Guid(ff1294d26188a5a4cb7dbc38f15a3519) Importer(815301076,1909f56bfc062723c751e8b465ee728b)  -> (artifact id: '8ca82067ebf442909ab17105db9b2e3f') in 0.122140 seconds
  Import took 0.236716 seconds .

========================================================================
Received Import Request.
  Time since last request: 13.163448 seconds.
  path: Assets/Anim/Enemy1.controller
  artifactKey: Guid(c43b74f8bc5301945996c8d905b2a4ef) Importer(815301076,1909f56bfc062723c751e8b465ee728b)
Start importing Assets/Anim/Enemy1.controller using Guid(c43b74f8bc5301945996c8d905b2a4ef) Importer(815301076,1909f56bfc062723c751e8b465ee728b)  -> (artifact id: '2a10bb31ca16488970ef817c41e1b41b') in 0.036638 seconds
  Import took 0.042469 seconds .

========================================================================
Received Import Request.
  Time since last request: 116.402828 seconds.
  path: Assets/Anim/body.mesh
  artifactKey: Guid(0fe9fa93c18bd374fafd056868bd39e3) Importer(815301076,1909f56bfc062723c751e8b465ee728b)
Start importing Assets/Anim/body.mesh using Guid(0fe9fa93c18bd374fafd056868bd39e3) Importer(815301076,1909f56bfc062723c751e8b465ee728b)  -> (artifact id: '2ce06f8517301da44e0b684a5531316f') in 0.173007 seconds
  Import took 0.178780 seconds .

========================================================================
Received Import Request.
  Time since last request: 17.920545 seconds.
  path: Assets/Anim/eyes.mesh
  artifactKey: Guid(707f7400f3c2e80429c35220a6712987) Importer(815301076,1909f56bfc062723c751e8b465ee728b)
Start importing Assets/Anim/eyes.mesh using Guid(707f7400f3c2e80429c35220a6712987) Importer(815301076,1909f56bfc062723c751e8b465ee728b)  -> (artifact id: '34dd3239252c377579966a732f0b0cb0') in 0.020869 seconds
  Import took 0.026731 seconds .

========================================================================
Received Import Request.
  Time since last request: 0.011722 seconds.
  path: Assets/Anim/eyes.mesh
  artifactKey: Guid(707f7400f3c2e80429c35220a6712987) Importer(815301076,1909f56bfc062723c751e8b465ee728b)
Start importing Assets/Anim/eyes.mesh using Guid(707f7400f3c2e80429c35220a6712987) Importer(815301076,1909f56bfc062723c751e8b465ee728b)  -> (artifact id: '34dd3239252c377579966a732f0b0cb0') in 0.010679 seconds
  Import took 0.016034 seconds .

========================================================================
Received Import Request.
  Time since last request: 2.725940 seconds.
  path: Assets/Anim/legs.mesh
  artifactKey: Guid(eb9b8f9aa5014b345a0641d98d6cedc9) Importer(815301076,1909f56bfc062723c751e8b465ee728b)
Start importing Assets/Anim/legs.mesh using Guid(eb9b8f9aa5014b345a0641d98d6cedc9) Importer(815301076,1909f56bfc062723c751e8b465ee728b)  -> (artifact id: '8e0af1ed455f002fc35611158bedd037') in 0.022897 seconds
  Import took 0.028039 seconds .

========================================================================
Received Import Request.
  Time since last request: 2.601625 seconds.
  path: Assets/Anim/spikes.mesh
  artifactKey: Guid(55bcfdf2f9cf17c44aadcbee3978ec45) Importer(815301076,1909f56bfc062723c751e8b465ee728b)
Start importing Assets/Anim/spikes.mesh using Guid(55bcfdf2f9cf17c44aadcbee3978ec45) Importer(815301076,1909f56bfc062723c751e8b465ee728b)  -> (artifact id: '0c936ec1cf7e5ccf3c6703a78f37156c') in 0.020414 seconds
  Import took 0.025480 seconds .

========================================================================
Received Import Request.
  Time since last request: 0.001304 seconds.
  path: Assets/Anim/spikes.mesh
  artifactKey: Guid(55bcfdf2f9cf17c44aadcbee3978ec45) Importer(815301076,1909f56bfc062723c751e8b465ee728b)
Start importing Assets/Anim/spikes.mesh using Guid(55bcfdf2f9cf17c44aadcbee3978ec45) Importer(815301076,1909f56bfc062723c751e8b465ee728b)  -> (artifact id: '0c936ec1cf7e5ccf3c6703a78f37156c') in 0.013371 seconds
  Import took 0.018223 seconds .

========================================================================
Received Import Request.
  Time since last request: 7.924102 seconds.
  path: Assets/Anim/Enemy
  artifactKey: Guid(5d47c5476fe03cb41afc3a6ef681169a) Importer(815301076,1909f56bfc062723c751e8b465ee728b)
Start importing Assets/Anim/Enemy using Guid(5d47c5476fe03cb41afc3a6ef681169a) Importer(815301076,1909f56bfc062723c751e8b465ee728b)  -> (artifact id: '0fe7e0bbf4575fcb74e82cd6afa2ae8e') in 0.008995 seconds
  Import took 0.014326 seconds .

========================================================================
Received Import Request.
  Time since last request: 67.314886 seconds.
  path: Assets/Materials/Skybox_Mat.mat
  artifactKey: Guid(0ffaa0b7117ba8c47a9d05ae701d4b4d) Importer(815301076,1909f56bfc062723c751e8b465ee728b)
Start importing Assets/Materials/Skybox_Mat.mat using Guid(0ffaa0b7117ba8c47a9d05ae701d4b4d) Importer(815301076,1909f56bfc062723c751e8b465ee728b)  -> (artifact id: 'c27f79ae21db569960de64cdc951bce4') in 0.206061 seconds
  Import took 0.211370 seconds .

========================================================================
Received Import Request.
  Time since last request: 5.377061 seconds.
  path: Assets/Settings
  artifactKey: Guid(0735c275001a2c84dafdb30deced5d8d) Importer(815301076,1909f56bfc062723c751e8b465ee728b)
Start importing Assets/Settings using Guid(0735c275001a2c84dafdb30deced5d8d) Importer(815301076,1909f56bfc062723c751e8b465ee728b)  -> (artifact id: '9f4b3db56a84d213058cd763baf10443') in 0.009140 seconds
  Import took 0.014165 seconds .

========================================================================
Received Import Request.
  Time since last request: 16.075614 seconds.
  path: Assets/Anim/Materials/sword.mat
  artifactKey: Guid(3d5b83ba915c11746af8e8c97f42a640) Importer(815301076,1909f56bfc062723c751e8b465ee728b)
Start importing Assets/Anim/Materials/sword.mat using Guid(3d5b83ba915c11746af8e8c97f42a640) Importer(815301076,1909f56bfc062723c751e8b465ee728b)  -> (artifact id: '801bb1f5192ec9b9c6b0a3f571bef314') in 0.023397 seconds
  Import took 0.028715 seconds .

========================================================================
Received Import Request.
  Time since last request: 0.004177 seconds.
  path: Assets/Anim/Materials/sword.mat
  artifactKey: Guid(3d5b83ba915c11746af8e8c97f42a640) Importer(815301076,1909f56bfc062723c751e8b465ee728b)
Start importing Assets/Anim/Materials/sword.mat using Guid(3d5b83ba915c11746af8e8c97f42a640) Importer(815301076,1909f56bfc062723c751e8b465ee728b)  -> (artifact id: '801bb1f5192ec9b9c6b0a3f571bef314') in 0.010441 seconds
  Import took 0.015631 seconds .

========================================================================
Received Prepare
Registering precompiled user dll's ...
Registered in 0.001929 seconds.
Begin MonoManager ReloadAssembly
Native extension for WindowsStandalone target not found
Refreshing native plugins compatible for Editor in 0.57 ms, found 0 plugins.
Preloading 0 native plugins for Editor in 0.00 ms.
Warning: Annotation not found!
UnityEngine.StackTraceUtility:ExtractStackTrace ()
UnityEditor.ProBuilder.EditorUtility:SetGizmoIconEnabled (System.Type,bool) (at Library/PackageCache/com.unity.probuilder@4.4.0/Editor/EditorCore/EditorUtility.cs:593)
UnityEditor.ProBuilder.HierarchyListener:.cctor () (at Library/PackageCache/com.unity.probuilder@4.4.0/Editor/EditorCore/HierarchyListener.cs:21)
System.Runtime.CompilerServices.RuntimeHelpers:RunClassConstructor (System.RuntimeTypeHandle)
UnityEditor.EditorAssemblies:ProcessInitializeOnLoadAttributes (System.Type[])

[Library/PackageCache/com.unity.probuilder@4.4.0/Editor/EditorCore/EditorUtility.cs line 593]

Invoked RoslynAnalysisRunner static constructor.
RoslynAnalysisRunner will not be running.
RoslynAnalysisRunner has terminated.
Mono: successfully reloaded assembly
- Completed reload, in  1.105 seconds
Platform modules already initialized, skipping
Shader 'Universal Render Pipeline/Particles/Lit': fallback shader 'Universal Render Pipeline/Particles/SimpleLit' not found
Shader 'Universal Render Pipeline/Particles/Lit': fallback shader 'Universal Render Pipeline/Particles/SimpleLit' not found
Refreshing native plugins compatible for Editor in 0.83 ms, found 0 plugins.
Preloading 0 native plugins for Editor in 0.00 ms.
Unloading 2835 Unused Serialized files (Serialized files now loaded: 0)
System memory in use before: 134.7 MB.
System memory in use after: 132.6 MB.

Unloading 44 unused Assets to reduce memory usage. Loaded Objects now: 3436.
Total: 4.369400 ms (FindLiveObjects: 0.335100 ms CreateObjectMapping: 0.077200 ms MarkObjects: 2.542400 ms  DeleteObjects: 1.413600 ms)

========================================================================
Received Import Request.
  Time since last request: 1658.870027 seconds.
  path: Assets/Anim/Enemy/enemy1Idle.fbx
  artifactKey: Guid(6f2acfead3bb1b74ba43d606387cb4d8) Importer(815301076,1909f56bfc062723c751e8b465ee728b)
Start importing Assets/Anim/Enemy/enemy1Idle.fbx using Guid(6f2acfead3bb1b74ba43d606387cb4d8) Importer(815301076,1909f56bfc062723c751e8b465ee728b)  -> (artifact id: 'dee9e6ec25fa28600e562659ba1a3530') in 0.282050 seconds
  Import took 0.288045 seconds .

========================================================================
Received Import Request.
  Time since last request: 28.119153 seconds.
  path: Assets/Anim/Enemy/enemy1Idle.fbx
  artifactKey: Guid(6f2acfead3bb1b74ba43d606387cb4d8) Importer(815301076,1909f56bfc062723c751e8b465ee728b)
Start importing Assets/Anim/Enemy/enemy1Idle.fbx using Guid(6f2acfead3bb1b74ba43d606387cb4d8) Importer(815301076,1909f56bfc062723c751e8b465ee728b)  -> (artifact id: 'b96bb569444ea6f30c4cb7cef9e18dec') in 0.058241 seconds
  Import took 0.063667 seconds .

========================================================================
Received Import Request.
  Time since last request: 65.765345 seconds.
  path: Assets/Anim/Enemy/enemy1Idle.fbx
  artifactKey: Guid(6f2acfead3bb1b74ba43d606387cb4d8) Importer(815301076,1909f56bfc062723c751e8b465ee728b)
Start importing Assets/Anim/Enemy/enemy1Idle.fbx using Guid(6f2acfead3bb1b74ba43d606387cb4d8) Importer(815301076,1909f56bfc062723c751e8b465ee728b)  -> (artifact id: 'e7f6bf7212217b1748ce7d6c6f2ccb3a') in 0.047813 seconds
  Import took 0.053749 seconds .

========================================================================
Received Prepare
Registering precompiled user dll's ...
Registered in 0.001796 seconds.
Begin MonoManager ReloadAssembly
Native extension for WindowsStandalone target not found
Refreshing native plugins compatible for Editor in 0.55 ms, found 0 plugins.
Preloading 0 native plugins for Editor in 0.00 ms.
Warning: Annotation not found!
UnityEngine.StackTraceUtility:ExtractStackTrace ()
UnityEditor.ProBuilder.EditorUtility:SetGizmoIconEnabled (System.Type,bool) (at Library/PackageCache/com.unity.probuilder@4.4.0/Editor/EditorCore/EditorUtility.cs:593)
UnityEditor.ProBuilder.HierarchyListener:.cctor () (at Library/PackageCache/com.unity.probuilder@4.4.0/Editor/EditorCore/HierarchyListener.cs:21)
System.Runtime.CompilerServices.RuntimeHelpers:RunClassConstructor (System.RuntimeTypeHandle)
UnityEditor.EditorAssemblies:ProcessInitializeOnLoadAttributes (System.Type[])

[Library/PackageCache/com.unity.probuilder@4.4.0/Editor/EditorCore/EditorUtility.cs line 593]

Invoked RoslynAnalysisRunner static constructor.
RoslynAnalysisRunner will not be running.
RoslynAnalysisRunner has terminated.
Mono: successfully reloaded assembly
- Completed reload, in  1.046 seconds
Platform modules already initialized, skipping
Shader 'Universal Render Pipeline/Particles/Lit': fallback shader 'Universal Render Pipeline/Particles/SimpleLit' not found
Shader 'Universal Render Pipeline/Particles/Lit': fallback shader 'Universal Render Pipeline/Particles/SimpleLit' not found
Refreshing native plugins compatible for Editor in 0.56 ms, found 0 plugins.
Preloading 0 native plugins for Editor in 0.00 ms.
Unloading 2835 Unused Serialized files (Serialized files now loaded: 0)
System memory in use before: 134.9 MB.
System memory in use after: 132.8 MB.

Unloading 44 unused Assets to reduce memory usage. Loaded Objects now: 3474.
Total: 4.719700 ms (FindLiveObjects: 0.344800 ms CreateObjectMapping: 0.081300 ms MarkObjects: 2.697300 ms  DeleteObjects: 1.595200 ms)

========================================================================
Received Import Request.
  Time since last request: 426.635451 seconds.
  path: Assets/Anim/Enemy/enemyDead.fbx
  artifactKey: Guid(5b33075974dc73b408e6fca8a21f7398) Importer(815301076,1909f56bfc062723c751e8b465ee728b)
Start importing Assets/Anim/Enemy/enemyDead.fbx using Guid(5b33075974dc73b408e6fca8a21f7398) Importer(815301076,1909f56bfc062723c751e8b465ee728b)  -> (artifact id: 'fbb1585c87bb8935be087c88b15b8e7b') in 0.271271 seconds
  Import took 0.276574 seconds .

========================================================================
Received Import Request.
  Time since last request: 22.207302 seconds.
  path: Assets/Anim/Enemy/enemyDead.fbx
  artifactKey: Guid(5b33075974dc73b408e6fca8a21f7398) Importer(815301076,1909f56bfc062723c751e8b465ee728b)
Start importing Assets/Anim/Enemy/enemyDead.fbx using Guid(5b33075974dc73b408e6fca8a21f7398) Importer(815301076,1909f56bfc062723c751e8b465ee728b)  -> (artifact id: '9869483ab55184e3f9d4f42b78103528') in 0.081582 seconds
  Import took 0.087038 seconds .

========================================================================
Received Import Request.
  Time since last request: 16.562889 seconds.
  path: Assets/Anim/Enemy/enemyDead.fbx
  artifactKey: Guid(5b33075974dc73b408e6fca8a21f7398) Importer(815301076,1909f56bfc062723c751e8b465ee728b)
Start importing Assets/Anim/Enemy/enemyDead.fbx using Guid(5b33075974dc73b408e6fca8a21f7398) Importer(815301076,1909f56bfc062723c751e8b465ee728b)  -> (artifact id: 'eb5cc15b96f78181d63cc86b9ce7b248') in 0.082169 seconds
  Import took 0.087323 seconds .

========================================================================
Received Prepare
Registering precompiled user dll's ...
Registered in 0.001858 seconds.
Begin MonoManager ReloadAssembly
Native extension for WindowsStandalone target not found
Refreshing native plugins compatible for Editor in 0.66 ms, found 0 plugins.
Preloading 0 native plugins for Editor in 0.00 ms.
Warning: Annotation not found!
UnityEngine.StackTraceUtility:ExtractStackTrace ()
UnityEditor.ProBuilder.EditorUtility:SetGizmoIconEnabled (System.Type,bool) (at Library/PackageCache/com.unity.probuilder@4.4.0/Editor/EditorCore/EditorUtility.cs:593)
UnityEditor.ProBuilder.HierarchyListener:.cctor () (at Library/PackageCache/com.unity.probuilder@4.4.0/Editor/EditorCore/HierarchyListener.cs:21)
System.Runtime.CompilerServices.RuntimeHelpers:RunClassConstructor (System.RuntimeTypeHandle)
UnityEditor.EditorAssemblies:ProcessInitializeOnLoadAttributes (System.Type[])

[Library/PackageCache/com.unity.probuilder@4.4.0/Editor/EditorCore/EditorUtility.cs line 593]

Invoked RoslynAnalysisRunner static constructor.
RoslynAnalysisRunner will not be running.
RoslynAnalysisRunner has terminated.
Mono: successfully reloaded assembly
- Completed reload, in  1.020 seconds
Platform modules already initialized, skipping
Shader 'Universal Render Pipeline/Particles/Lit': fallback shader 'Universal Render Pipeline/Particles/SimpleLit' not found
Shader 'Universal Render Pipeline/Particles/Lit': fallback shader 'Universal Render Pipeline/Particles/SimpleLit' not found
Refreshing native plugins compatible for Editor in 0.56 ms, found 0 plugins.
Preloading 0 native plugins for Editor in 0.00 ms.
Unloading 2835 Unused Serialized files (Serialized files now loaded: 0)
System memory in use before: 135.1 MB.
System memory in use after: 133.0 MB.

Unloading 44 unused Assets to reduce memory usage. Loaded Objects now: 3512.
Total: 4.377500 ms (FindLiveObjects: 0.361600 ms CreateObjectMapping: 0.085600 ms MarkObjects: 2.417500 ms  DeleteObjects: 1.511100 ms)

========================================================================
Received Prepare
Registering precompiled user dll's ...
Registered in 0.001724 seconds.
Begin MonoManager ReloadAssembly
Native extension for WindowsStandalone target not found
Refreshing native plugins compatible for Editor in 0.57 ms, found 0 plugins.
Preloading 0 native plugins for Editor in 0.00 ms.
Warning: Annotation not found!
UnityEngine.StackTraceUtility:ExtractStackTrace ()
UnityEditor.ProBuilder.EditorUtility:SetGizmoIconEnabled (System.Type,bool) (at Library/PackageCache/com.unity.probuilder@4.4.0/Editor/EditorCore/EditorUtility.cs:593)
UnityEditor.ProBuilder.HierarchyListener:.cctor () (at Library/PackageCache/com.unity.probuilder@4.4.0/Editor/EditorCore/HierarchyListener.cs:21)
System.Runtime.CompilerServices.RuntimeHelpers:RunClassConstructor (System.RuntimeTypeHandle)
UnityEditor.EditorAssemblies:ProcessInitializeOnLoadAttributes (System.Type[])

[Library/PackageCache/com.unity.probuilder@4.4.0/Editor/EditorCore/EditorUtility.cs line 593]

Invoked RoslynAnalysisRunner static constructor.
RoslynAnalysisRunner will not be running.
RoslynAnalysisRunner has terminated.
Mono: successfully reloaded assembly
- Completed reload, in  1.024 seconds
Platform modules already initialized, skipping
Shader 'Universal Render Pipeline/Particles/Lit': fallback shader 'Universal Render Pipeline/Particles/SimpleLit' not found
Shader 'Universal Render Pipeline/Particles/Lit': fallback shader 'Universal Render Pipeline/Particles/SimpleLit' not found
Refreshing native plugins compatible for Editor in 0.56 ms, found 0 plugins.
Preloading 0 native plugins for Editor in 0.00 ms.
Unloading 2835 Unused Serialized files (Serialized files now loaded: 0)
System memory in use before: 135.1 MB.
System memory in use after: 133.0 MB.

Unloading 44 unused Assets to reduce memory usage. Loaded Objects now: 3514.
Total: 5.173700 ms (FindLiveObjects: 0.369200 ms CreateObjectMapping: 0.084100 ms MarkObjects: 2.832500 ms  DeleteObjects: 1.886300 ms)

========================================================================
Received Import Request.
  Time since last request: 1386.973386 seconds.
  path: Assets/ThirdPersonMovement.cs
  artifactKey: Guid(467ed8b64a7b62c4ea5b03689d025b2a) Importer(815301076,1909f56bfc062723c751e8b465ee728b)
Start importing Assets/ThirdPersonMovement.cs using Guid(467ed8b64a7b62c4ea5b03689d025b2a) Importer(815301076,1909f56bfc062723c751e8b465ee728b)  -> (artifact id: '036d6922b0e9dd94396c12bd7668d4a1') in 0.013502 seconds
  Import took 0.019969 seconds .

========================================================================
Received Prepare
Registering precompiled user dll's ...
Registered in 0.002019 seconds.
Begin MonoManager ReloadAssembly
Native extension for WindowsStandalone target not found
Refreshing native plugins compatible for Editor in 0.55 ms, found 0 plugins.
Preloading 0 native plugins for Editor in 0.00 ms.
Warning: Annotation not found!
UnityEngine.StackTraceUtility:ExtractStackTrace ()
UnityEditor.ProBuilder.EditorUtility:SetGizmoIconEnabled (System.Type,bool) (at Library/PackageCache/com.unity.probuilder@4.4.0/Editor/EditorCore/EditorUtility.cs:593)
UnityEditor.ProBuilder.HierarchyListener:.cctor () (at Library/PackageCache/com.unity.probuilder@4.4.0/Editor/EditorCore/HierarchyListener.cs:21)
System.Runtime.CompilerServices.RuntimeHelpers:RunClassConstructor (System.RuntimeTypeHandle)
UnityEditor.EditorAssemblies:ProcessInitializeOnLoadAttributes (System.Type[])

[Library/PackageCache/com.unity.probuilder@4.4.0/Editor/EditorCore/EditorUtility.cs line 593]

Invoked RoslynAnalysisRunner static constructor.
RoslynAnalysisRunner will not be running.
RoslynAnalysisRunner has terminated.
Mono: successfully reloaded assembly
- Completed reload, in  1.036 seconds
Platform modules already initialized, skipping
Shader 'Universal Render Pipeline/Particles/Lit': fallback shader 'Universal Render Pipeline/Particles/SimpleLit' not found
Shader 'Universal Render Pipeline/Particles/Lit': fallback shader 'Universal Render Pipeline/Particles/SimpleLit' not found
Refreshing native plugins compatible for Editor in 0.56 ms, found 0 plugins.
Preloading 0 native plugins for Editor in 0.00 ms.
Unloading 2835 Unused Serialized files (Serialized files now loaded: 0)
System memory in use before: 136.1 MB.
System memory in use after: 134.0 MB.

Unloading 44 unused Assets to reduce memory usage. Loaded Objects now: 3516.
Total: 4.839900 ms (FindLiveObjects: 0.419800 ms CreateObjectMapping: 0.083000 ms MarkObjects: 2.785800 ms  DeleteObjects: 1.549600 ms)

========================================================================
Received Import Request.
  Time since last request: 16.369050 seconds.
  path: Assets/ThirdPersonMovement.cs
  artifactKey: Guid(467ed8b64a7b62c4ea5b03689d025b2a) Importer(815301076,1909f56bfc062723c751e8b465ee728b)
Start importing Assets/ThirdPersonMovement.cs using Guid(467ed8b64a7b62c4ea5b03689d025b2a) Importer(815301076,1909f56bfc062723c751e8b465ee728b)  -> (artifact id: 'c20e2195ed3f047bde6170898aae1e1b') in 0.007539 seconds
  Import took 0.013011 seconds .

========================================================================
Received Import Request.
  Time since last request: 1.567050 seconds.
  path: Assets/ThirdPersonMovement.cs
  artifactKey: Guid(467ed8b64a7b62c4ea5b03689d025b2a) Importer(815301076,1909f56bfc062723c751e8b465ee728b)
Start importing Assets/ThirdPersonMovement.cs using Guid(467ed8b64a7b62c4ea5b03689d025b2a) Importer(815301076,1909f56bfc062723c751e8b465ee728b)  -> (artifact id: 'c20e2195ed3f047bde6170898aae1e1b') in 0.003250 seconds
  Import took 0.007886 seconds .

========================================================================
Received Prepare
Registering precompiled user dll's ...
Registered in 0.001834 seconds.
Begin MonoManager ReloadAssembly
Native extension for WindowsStandalone target not found
Refreshing native plugins compatible for Editor in 0.53 ms, found 0 plugins.
Preloading 0 native plugins for Editor in 0.00 ms.
Warning: Annotation not found!
UnityEngine.StackTraceUtility:ExtractStackTrace ()
UnityEditor.ProBuilder.EditorUtility:SetGizmoIconEnabled (System.Type,bool) (at Library/PackageCache/com.unity.probuilder@4.4.0/Editor/EditorCore/EditorUtility.cs:593)
UnityEditor.ProBuilder.HierarchyListener:.cctor () (at Library/PackageCache/com.unity.probuilder@4.4.0/Editor/EditorCore/HierarchyListener.cs:21)
System.Runtime.CompilerServices.RuntimeHelpers:RunClassConstructor (System.RuntimeTypeHandle)
UnityEditor.EditorAssemblies:ProcessInitializeOnLoadAttributes (System.Type[])

[Library/PackageCache/com.unity.probuilder@4.4.0/Editor/EditorCore/EditorUtility.cs line 593]

Invoked RoslynAnalysisRunner static constructor.
RoslynAnalysisRunner will not be running.
RoslynAnalysisRunner has terminated.
Mono: successfully reloaded assembly
- Completed reload, in  1.003 seconds
Platform modules already initialized, skipping
Shader 'Universal Render Pipeline/Particles/Lit': fallback shader 'Universal Render Pipeline/Particles/SimpleLit' not found
Shader 'Universal Render Pipeline/Particles/Lit': fallback shader 'Universal Render Pipeline/Particles/SimpleLit' not found
Refreshing native plugins compatible for Editor in 0.54 ms, found 0 plugins.
Preloading 0 native plugins for Editor in 0.00 ms.
Unloading 2835 Unused Serialized files (Serialized files now loaded: 0)
System memory in use before: 135.1 MB.
System memory in use after: 133.0 MB.

Unloading 44 unused Assets to reduce memory usage. Loaded Objects now: 3518.
Total: 4.843700 ms (FindLiveObjects: 0.395100 ms CreateObjectMapping: 0.081400 ms MarkObjects: 2.814000 ms  DeleteObjects: 1.551700 ms)

========================================================================
Received Import Request.
  Time since last request: 345.949866 seconds.
  path: Assets/Anim/Enemy/enemyDead.prefab
  artifactKey: Guid(5466318b2c2a7034fb62dcb62b929d8c) Importer(815301076,1909f56bfc062723c751e8b465ee728b)
Start importing Assets/Anim/Enemy/enemyDead.prefab using Guid(5466318b2c2a7034fb62dcb62b929d8c) Importer(815301076,1909f56bfc062723c751e8b465ee728b)  -> (artifact id: '27537118c4acfc6d761032cbf7213235') in 0.175869 seconds
  Import took 0.181648 seconds .

========================================================================
Received Import Request.
  Time since last request: 233.529550 seconds.
  path: Assets/Anim/Enemy/enemyDead.fbx
  artifactKey: Guid(5b33075974dc73b408e6fca8a21f7398) Importer(815301076,1909f56bfc062723c751e8b465ee728b)
Start importing Assets/Anim/Enemy/enemyDead.fbx using Guid(5b33075974dc73b408e6fca8a21f7398) Importer(815301076,1909f56bfc062723c751e8b465ee728b)  -> (artifact id: '2be9c7a3102bb1008c7b9ed544fb7060') in 0.124030 seconds
  Import took 0.129540 seconds .

========================================================================
Received Import Request.
  Time since last request: 24.723071 seconds.
  path: Assets/Anim/Enemy/enemyDead.fbx
  artifactKey: Guid(5b33075974dc73b408e6fca8a21f7398) Importer(815301076,1909f56bfc062723c751e8b465ee728b)
Start importing Assets/Anim/Enemy/enemyDead.fbx using Guid(5b33075974dc73b408e6fca8a21f7398) Importer(815301076,1909f56bfc062723c751e8b465ee728b)  -> (artifact id: '98787b806c96b2dd35d54c4d076fe6b4') in 0.095749 seconds
  Import took 0.100620 seconds .

========================================================================
Received Import Request.
  Time since last request: 30.182313 seconds.
  path: Assets/Anim/Enemy/enemyDead.fbx
  artifactKey: Guid(5b33075974dc73b408e6fca8a21f7398) Importer(815301076,1909f56bfc062723c751e8b465ee728b)
Start importing Assets/Anim/Enemy/enemyDead.fbx using Guid(5b33075974dc73b408e6fca8a21f7398) Importer(815301076,1909f56bfc062723c751e8b465ee728b)  -> (artifact id: '3a2d5366539c16073d71235f587432a2') in 0.081089 seconds
  Import took 0.086407 seconds .

========================================================================
Received Import Request.
  Time since last request: 41.839420 seconds.
  path: Assets/Anim/Enemy/enemyDead.prefab
  artifactKey: Guid(5466318b2c2a7034fb62dcb62b929d8c) Importer(815301076,1909f56bfc062723c751e8b465ee728b)
Start importing Assets/Anim/Enemy/enemyDead.prefab using Guid(5466318b2c2a7034fb62dcb62b929d8c) Importer(815301076,1909f56bfc062723c751e8b465ee728b)  -> (artifact id: '735f2192849961b6b8fd75989ca1c61f') in 0.019212 seconds
  Import took 0.024760 seconds .

========================================================================
Received Import Request.
  Time since last request: 69.969192 seconds.
  path: Assets/Anim/Enemy/enemyDead.fbx
  artifactKey: Guid(5b33075974dc73b408e6fca8a21f7398) Importer(815301076,1909f56bfc062723c751e8b465ee728b)
Start importing Assets/Anim/Enemy/enemyDead.fbx using Guid(5b33075974dc73b408e6fca8a21f7398) Importer(815301076,1909f56bfc062723c751e8b465ee728b)  -> (artifact id: 'c4e063feb6cdd100f0acff04202168e2') in 0.090450 seconds
  Import took 0.096070 seconds .

========================================================================
Received Import Request.
  Time since last request: 101.771656 seconds.
  path: Assets/Anim/Enemy/enemyDead.fbx
  artifactKey: Guid(5b33075974dc73b408e6fca8a21f7398) Importer(815301076,1909f56bfc062723c751e8b465ee728b)
Start importing Assets/Anim/Enemy/enemyDead.fbx using Guid(5b33075974dc73b408e6fca8a21f7398) Importer(815301076,1909f56bfc062723c751e8b465ee728b)  -> (artifact id: 'a724541ec12941e85f5b3c628a19081e') in 0.081935 seconds
  Import took 0.087141 seconds .

========================================================================
Received Prepare
Registering precompiled user dll's ...
Registered in 0.001981 seconds.
Begin MonoManager ReloadAssembly
Native extension for WindowsStandalone target not found
Refreshing native plugins compatible for Editor in 0.57 ms, found 0 plugins.
Preloading 0 native plugins for Editor in 0.00 ms.
Warning: Annotation not found!
UnityEngine.StackTraceUtility:ExtractStackTrace ()
UnityEditor.ProBuilder.EditorUtility:SetGizmoIconEnabled (System.Type,bool) (at Library/PackageCache/com.unity.probuilder@4.4.0/Editor/EditorCore/EditorUtility.cs:593)
UnityEditor.ProBuilder.HierarchyListener:.cctor () (at Library/PackageCache/com.unity.probuilder@4.4.0/Editor/EditorCore/HierarchyListener.cs:21)
System.Runtime.CompilerServices.RuntimeHelpers:RunClassConstructor (System.RuntimeTypeHandle)
UnityEditor.EditorAssemblies:ProcessInitializeOnLoadAttributes (System.Type[])

[Library/PackageCache/com.unity.probuilder@4.4.0/Editor/EditorCore/EditorUtility.cs line 593]

Invoked RoslynAnalysisRunner static constructor.
RoslynAnalysisRunner will not be running.
RoslynAnalysisRunner has terminated.
Mono: successfully reloaded assembly
- Completed reload, in  1.015 seconds
Platform modules already initialized, skipping
Shader 'Universal Render Pipeline/Particles/Lit': fallback shader 'Universal Render Pipeline/Particles/SimpleLit' not found
Shader 'Universal Render Pipeline/Particles/Lit': fallback shader 'Universal Render Pipeline/Particles/SimpleLit' not found
Refreshing native plugins compatible for Editor in 0.55 ms, found 0 plugins.
Preloading 0 native plugins for Editor in 0.00 ms.
Unloading 2835 Unused Serialized files (Serialized files now loaded: 0)
System memory in use before: 135.4 MB.
System memory in use after: 133.3 MB.

Unloading 44 unused Assets to reduce memory usage. Loaded Objects now: 3556.
Total: 5.136100 ms (FindLiveObjects: 0.365000 ms CreateObjectMapping: 0.080300 ms MarkObjects: 3.103700 ms  DeleteObjects: 1.585600 ms)

========================================================================
Received Import Request.
  Time since last request: 326.985680 seconds.
  path: Assets/Anim/Enemy/enemyDead.prefab
  artifactKey: Guid(5466318b2c2a7034fb62dcb62b929d8c) Importer(815301076,1909f56bfc062723c751e8b465ee728b)
Start importing Assets/Anim/Enemy/enemyDead.prefab using Guid(5466318b2c2a7034fb62dcb62b929d8c) Importer(815301076,1909f56bfc062723c751e8b465ee728b)  -> (artifact id: '421284c119874f1495ca557d34c78752') in 0.164162 seconds
  Import took 0.169436 seconds .

========================================================================
Received Prepare
Registering precompiled user dll's ...
Registered in 0.001798 seconds.
Begin MonoManager ReloadAssembly
Native extension for WindowsStandalone target not found
Refreshing native plugins compatible for Editor in 0.56 ms, found 0 plugins.
Preloading 0 native plugins for Editor in 0.00 ms.
Warning: Annotation not found!
UnityEngine.StackTraceUtility:ExtractStackTrace ()
UnityEditor.ProBuilder.EditorUtility:SetGizmoIconEnabled (System.Type,bool) (at Library/PackageCache/com.unity.probuilder@4.4.0/Editor/EditorCore/EditorUtility.cs:593)
UnityEditor.ProBuilder.HierarchyListener:.cctor () (at Library/PackageCache/com.unity.probuilder@4.4.0/Editor/EditorCore/HierarchyListener.cs:21)
System.Runtime.CompilerServices.RuntimeHelpers:RunClassConstructor (System.RuntimeTypeHandle)
UnityEditor.EditorAssemblies:ProcessInitializeOnLoadAttributes (System.Type[])

[Library/PackageCache/com.unity.probuilder@4.4.0/Editor/EditorCore/EditorUtility.cs line 593]

Invoked RoslynAnalysisRunner static constructor.
RoslynAnalysisRunner will not be running.
RoslynAnalysisRunner has terminated.
Mono: successfully reloaded assembly
- Completed reload, in  1.050 seconds
Platform modules already initialized, skipping
Shader 'Universal Render Pipeline/Particles/Lit': fallback shader 'Universal Render Pipeline/Particles/SimpleLit' not found
Shader 'Universal Render Pipeline/Particles/Lit': fallback shader 'Universal Render Pipeline/Particles/SimpleLit' not found
Refreshing native plugins compatible for Editor in 0.58 ms, found 0 plugins.
Preloading 0 native plugins for Editor in 0.00 ms.
Unloading 2835 Unused Serialized files (Serialized files now loaded: 0)
System memory in use before: 135.5 MB.
System memory in use after: 133.4 MB.

Unloading 44 unused Assets to reduce memory usage. Loaded Objects now: 3594.
Total: 4.650600 ms (FindLiveObjects: 0.392500 ms CreateObjectMapping: 0.092100 ms MarkObjects: 2.620600 ms  DeleteObjects: 1.544200 ms)

========================================================================
Received Import Request.
  Time since last request: 441.836534 seconds.
  path: Assets/Anim/Enemy/enemyDeadParts.prefab
  artifactKey: Guid(5466318b2c2a7034fb62dcb62b929d8c) Importer(815301076,1909f56bfc062723c751e8b465ee728b)
Start importing Assets/Anim/Enemy/enemyDeadParts.prefab using Guid(5466318b2c2a7034fb62dcb62b929d8c) Importer(815301076,1909f56bfc062723c751e8b465ee728b)  -> (artifact id: 'a41d8982c86d895fb8530f19dffa81b5') in 0.198776 seconds
  Import took 0.205046 seconds .

========================================================================
Received Prepare
Registering precompiled user dll's ...
Registered in 0.001746 seconds.
Begin MonoManager ReloadAssembly
Native extension for WindowsStandalone target not found
Refreshing native plugins compatible for Editor in 0.55 ms, found 0 plugins.
Preloading 0 native plugins for Editor in 0.00 ms.
Warning: Annotation not found!
UnityEngine.StackTraceUtility:ExtractStackTrace ()
UnityEditor.ProBuilder.EditorUtility:SetGizmoIconEnabled (System.Type,bool) (at Library/PackageCache/com.unity.probuilder@4.4.0/Editor/EditorCore/EditorUtility.cs:593)
UnityEditor.ProBuilder.HierarchyListener:.cctor () (at Library/PackageCache/com.unity.probuilder@4.4.0/Editor/EditorCore/HierarchyListener.cs:21)
System.Runtime.CompilerServices.RuntimeHelpers:RunClassConstructor (System.RuntimeTypeHandle)
UnityEditor.EditorAssemblies:ProcessInitializeOnLoadAttributes (System.Type[])

[Library/PackageCache/com.unity.probuilder@4.4.0/Editor/EditorCore/EditorUtility.cs line 593]

Invoked RoslynAnalysisRunner static constructor.
RoslynAnalysisRunner will not be running.
RoslynAnalysisRunner has terminated.
Mono: successfully reloaded assembly
- Completed reload, in  1.040 seconds
Platform modules already initialized, skipping
Shader 'Universal Render Pipeline/Particles/Lit': fallback shader 'Universal Render Pipeline/Particles/SimpleLit' not found
Shader 'Universal Render Pipeline/Particles/Lit': fallback shader 'Universal Render Pipeline/Particles/SimpleLit' not found
Refreshing native plugins compatible for Editor in 0.61 ms, found 0 plugins.
Preloading 0 native plugins for Editor in 0.00 ms.
Unloading 2835 Unused Serialized files (Serialized files now loaded: 0)
System memory in use before: 135.6 MB.
System memory in use after: 133.5 MB.

Unloading 44 unused Assets to reduce memory usage. Loaded Objects now: 3632.
Total: 5.015700 ms (FindLiveObjects: 0.429000 ms CreateObjectMapping: 0.092000 ms MarkObjects: 2.887200 ms  DeleteObjects: 1.606200 ms)

========================================================================
Received Prepare
Registering precompiled user dll's ...
Registered in 0.001990 seconds.
Begin MonoManager ReloadAssembly
Native extension for WindowsStandalone target not found
Refreshing native plugins compatible for Editor in 0.58 ms, found 0 plugins.
Preloading 0 native plugins for Editor in 0.00 ms.
Warning: Annotation not found!
UnityEngine.StackTraceUtility:ExtractStackTrace ()
UnityEditor.ProBuilder.EditorUtility:SetGizmoIconEnabled (System.Type,bool) (at Library/PackageCache/com.unity.probuilder@4.4.0/Editor/EditorCore/EditorUtility.cs:593)
UnityEditor.ProBuilder.HierarchyListener:.cctor () (at Library/PackageCache/com.unity.probuilder@4.4.0/Editor/EditorCore/HierarchyListener.cs:21)
System.Runtime.CompilerServices.RuntimeHelpers:RunClassConstructor (System.RuntimeTypeHandle)
UnityEditor.EditorAssemblies:ProcessInitializeOnLoadAttributes (System.Type[])

[Library/PackageCache/com.unity.probuilder@4.4.0/Editor/EditorCore/EditorUtility.cs line 593]

Invoked RoslynAnalysisRunner static constructor.
RoslynAnalysisRunner will not be running.
RoslynAnalysisRunner has terminated.
Mono: successfully reloaded assembly
- Completed reload, in  1.021 seconds
Platform modules already initialized, skipping
Shader 'Universal Render Pipeline/Particles/Lit': fallback shader 'Universal Render Pipeline/Particles/SimpleLit' not found
Shader 'Universal Render Pipeline/Particles/Lit': fallback shader 'Universal Render Pipeline/Particles/SimpleLit' not found
Refreshing native plugins compatible for Editor in 0.54 ms, found 0 plugins.
Preloading 0 native plugins for Editor in 0.00 ms.
Unloading 2835 Unused Serialized files (Serialized files now loaded: 0)
System memory in use before: 135.6 MB.
System memory in use after: 133.5 MB.

Unloading 44 unused Assets to reduce memory usage. Loaded Objects now: 3634.
Total: 5.434500 ms (FindLiveObjects: 0.396200 ms CreateObjectMapping: 0.082100 ms MarkObjects: 3.074900 ms  DeleteObjects: 1.879400 ms)

========================================================================
Received Import Request.
  Time since last request: 230.117081 seconds.
  path: Assets/Anim/Enemy/enemyDeadParts 1.prefab
  artifactKey: Guid(d65936de15fde3d45a94eeec6153f237) Importer(815301076,1909f56bfc062723c751e8b465ee728b)
Start importing Assets/Anim/Enemy/enemyDeadParts 1.prefab using Guid(d65936de15fde3d45a94eeec6153f237) Importer(815301076,1909f56bfc062723c751e8b465ee728b)  -> (artifact id: '88742bd0e591628f5eb490273b77733d') in 0.182165 seconds
  Import took 0.187821 seconds .

========================================================================
Received Prepare
Registering precompiled user dll's ...
Registered in 0.001806 seconds.
Begin MonoManager ReloadAssembly
Native extension for WindowsStandalone target not found
Refreshing native plugins compatible for Editor in 0.64 ms, found 0 plugins.
Preloading 0 native plugins for Editor in 0.00 ms.
Warning: Annotation not found!
UnityEngine.StackTraceUtility:ExtractStackTrace ()
UnityEditor.ProBuilder.EditorUtility:SetGizmoIconEnabled (System.Type,bool) (at Library/PackageCache/com.unity.probuilder@4.4.0/Editor/EditorCore/EditorUtility.cs:593)
UnityEditor.ProBuilder.HierarchyListener:.cctor () (at Library/PackageCache/com.unity.probuilder@4.4.0/Editor/EditorCore/HierarchyListener.cs:21)
System.Runtime.CompilerServices.RuntimeHelpers:RunClassConstructor (System.RuntimeTypeHandle)
UnityEditor.EditorAssemblies:ProcessInitializeOnLoadAttributes (System.Type[])

[Library/PackageCache/com.unity.probuilder@4.4.0/Editor/EditorCore/EditorUtility.cs line 593]

Invoked RoslynAnalysisRunner static constructor.
RoslynAnalysisRunner will not be running.
RoslynAnalysisRunner has terminated.
Mono: successfully reloaded assembly
- Completed reload, in  1.121 seconds
Platform modules already initialized, skipping
Shader 'Universal Render Pipeline/Particles/Lit': fallback shader 'Universal Render Pipeline/Particles/SimpleLit' not found
Shader 'Universal Render Pipeline/Particles/Lit': fallback shader 'Universal Render Pipeline/Particles/SimpleLit' not found
Refreshing native plugins compatible for Editor in 0.58 ms, found 0 plugins.
Preloading 0 native plugins for Editor in 0.00 ms.
Unloading 2835 Unused Serialized files (Serialized files now loaded: 0)
System memory in use before: 135.7 MB.
System memory in use after: 133.6 MB.

Unloading 44 unused Assets to reduce memory usage. Loaded Objects now: 3672.
Total: 5.386300 ms (FindLiveObjects: 0.669100 ms CreateObjectMapping: 0.197900 ms MarkObjects: 2.950700 ms  DeleteObjects: 1.567200 ms)

========================================================================
Received Prepare
Registering precompiled user dll's ...
Registered in 0.001733 seconds.
Begin MonoManager ReloadAssembly
Native extension for WindowsStandalone target not found
Refreshing native plugins compatible for Editor in 0.56 ms, found 0 plugins.
Preloading 0 native plugins for Editor in 0.00 ms.
Warning: Annotation not found!
UnityEngine.StackTraceUtility:ExtractStackTrace ()
UnityEditor.ProBuilder.EditorUtility:SetGizmoIconEnabled (System.Type,bool) (at Library/PackageCache/com.unity.probuilder@4.4.0/Editor/EditorCore/EditorUtility.cs:593)
UnityEditor.ProBuilder.HierarchyListener:.cctor () (at Library/PackageCache/com.unity.probuilder@4.4.0/Editor/EditorCore/HierarchyListener.cs:21)
System.Runtime.CompilerServices.RuntimeHelpers:RunClassConstructor (System.RuntimeTypeHandle)
UnityEditor.EditorAssemblies:ProcessInitializeOnLoadAttributes (System.Type[])

[Library/PackageCache/com.unity.probuilder@4.4.0/Editor/EditorCore/EditorUtility.cs line 593]

Invoked RoslynAnalysisRunner static constructor.
RoslynAnalysisRunner will not be running.
RoslynAnalysisRunner has terminated.
Mono: successfully reloaded assembly
- Completed reload, in  1.033 seconds
Platform modules already initialized, skipping
Shader 'Universal Render Pipeline/Particles/Lit': fallback shader 'Universal Render Pipeline/Particles/SimpleLit' not found
Shader 'Universal Render Pipeline/Particles/Lit': fallback shader 'Universal Render Pipeline/Particles/SimpleLit' not found
Refreshing native plugins compatible for Editor in 0.62 ms, found 0 plugins.
Preloading 0 native plugins for Editor in 0.00 ms.
Unloading 2835 Unused Serialized files (Serialized files now loaded: 0)
System memory in use before: 135.7 MB.
System memory in use after: 133.7 MB.

Unloading 44 unused Assets to reduce memory usage. Loaded Objects now: 3674.
Total: 4.987400 ms (FindLiveObjects: 0.392700 ms CreateObjectMapping: 0.080200 ms MarkObjects: 2.857100 ms  DeleteObjects: 1.655900 ms)

========================================================================
Received Prepare
Registering precompiled user dll's ...
Registered in 0.001798 seconds.
Begin MonoManager ReloadAssembly
Native extension for WindowsStandalone target not found
Refreshing native plugins compatible for Editor in 0.54 ms, found 0 plugins.
Preloading 0 native plugins for Editor in 0.00 ms.
Warning: Annotation not found!
UnityEngine.StackTraceUtility:ExtractStackTrace ()
UnityEditor.ProBuilder.EditorUtility:SetGizmoIconEnabled (System.Type,bool) (at Library/PackageCache/com.unity.probuilder@4.4.0/Editor/EditorCore/EditorUtility.cs:593)
UnityEditor.ProBuilder.HierarchyListener:.cctor () (at Library/PackageCache/com.unity.probuilder@4.4.0/Editor/EditorCore/HierarchyListener.cs:21)
System.Runtime.CompilerServices.RuntimeHelpers:RunClassConstructor (System.RuntimeTypeHandle)
UnityEditor.EditorAssemblies:ProcessInitializeOnLoadAttributes (System.Type[])

[Library/PackageCache/com.unity.probuilder@4.4.0/Editor/EditorCore/EditorUtility.cs line 593]

Invoked RoslynAnalysisRunner static constructor.
RoslynAnalysisRunner will not be running.
RoslynAnalysisRunner has terminated.
Mono: successfully reloaded assembly
- Completed reload, in  1.061 seconds
Platform modules already initialized, skipping
Shader 'Universal Render Pipeline/Particles/Lit': fallback shader 'Universal Render Pipeline/Particles/SimpleLit' not found
Shader 'Universal Render Pipeline/Particles/Lit': fallback shader 'Universal Render Pipeline/Particles/SimpleLit' not found
Refreshing native plugins compatible for Editor in 0.56 ms, found 0 plugins.
Preloading 0 native plugins for Editor in 0.00 ms.
Unloading 2835 Unused Serialized files (Serialized files now loaded: 0)
System memory in use before: 135.7 MB.
System memory in use after: 133.7 MB.

Unloading 44 unused Assets to reduce memory usage. Loaded Objects now: 3676.
Total: 4.938900 ms (FindLiveObjects: 0.400600 ms CreateObjectMapping: 0.080700 ms MarkObjects: 2.807800 ms  DeleteObjects: 1.647900 ms)

========================================================================
Received Prepare
Registering precompiled user dll's ...
Registered in 0.001751 seconds.
Begin MonoManager ReloadAssembly
Native extension for WindowsStandalone target not found
Refreshing native plugins compatible for Editor in 0.54 ms, found 0 plugins.
Preloading 0 native plugins for Editor in 0.00 ms.
Warning: Annotation not found!
UnityEngine.StackTraceUtility:ExtractStackTrace ()
UnityEditor.ProBuilder.EditorUtility:SetGizmoIconEnabled (System.Type,bool) (at Library/PackageCache/com.unity.probuilder@4.4.0/Editor/EditorCore/EditorUtility.cs:593)
UnityEditor.ProBuilder.HierarchyListener:.cctor () (at Library/PackageCache/com.unity.probuilder@4.4.0/Editor/EditorCore/HierarchyListener.cs:21)
System.Runtime.CompilerServices.RuntimeHelpers:RunClassConstructor (System.RuntimeTypeHandle)
UnityEditor.EditorAssemblies:ProcessInitializeOnLoadAttributes (System.Type[])

[Library/PackageCache/com.unity.probuilder@4.4.0/Editor/EditorCore/EditorUtility.cs line 593]

Invoked RoslynAnalysisRunner static constructor.
RoslynAnalysisRunner will not be running.
RoslynAnalysisRunner has terminated.
Mono: successfully reloaded assembly
- Completed reload, in  1.009 seconds
Platform modules already initialized, skipping
Shader 'Universal Render Pipeline/Particles/Lit': fallback shader 'Universal Render Pipeline/Particles/SimpleLit' not found
Shader 'Universal Render Pipeline/Particles/Lit': fallback shader 'Universal Render Pipeline/Particles/SimpleLit' not found
Refreshing native plugins compatible for Editor in 0.63 ms, found 0 plugins.
Preloading 0 native plugins for Editor in 0.00 ms.
Unloading 2835 Unused Serialized files (Serialized files now loaded: 0)
System memory in use before: 135.8 MB.
System memory in use after: 133.7 MB.

Unloading 44 unused Assets to reduce memory usage. Loaded Objects now: 3678.
Total: 5.849400 ms (FindLiveObjects: 0.378600 ms CreateObjectMapping: 0.081100 ms MarkObjects: 3.495600 ms  DeleteObjects: 1.892600 ms)

========================================================================
Received Prepare
Registering precompiled user dll's ...
Registered in 0.001744 seconds.
Begin MonoManager ReloadAssembly
Native extension for WindowsStandalone target not found
Refreshing native plugins compatible for Editor in 0.55 ms, found 0 plugins.
Preloading 0 native plugins for Editor in 0.00 ms.
Warning: Annotation not found!
UnityEngine.StackTraceUtility:ExtractStackTrace ()
UnityEditor.ProBuilder.EditorUtility:SetGizmoIconEnabled (System.Type,bool) (at Library/PackageCache/com.unity.probuilder@4.4.0/Editor/EditorCore/EditorUtility.cs:593)
UnityEditor.ProBuilder.HierarchyListener:.cctor () (at Library/PackageCache/com.unity.probuilder@4.4.0/Editor/EditorCore/HierarchyListener.cs:21)
System.Runtime.CompilerServices.RuntimeHelpers:RunClassConstructor (System.RuntimeTypeHandle)
UnityEditor.EditorAssemblies:ProcessInitializeOnLoadAttributes (System.Type[])

[Library/PackageCache/com.unity.probuilder@4.4.0/Editor/EditorCore/EditorUtility.cs line 593]

Invoked RoslynAnalysisRunner static constructor.
RoslynAnalysisRunner will not be running.
RoslynAnalysisRunner has terminated.
Mono: successfully reloaded assembly
- Completed reload, in  1.022 seconds
Platform modules already initialized, skipping
Shader 'Universal Render Pipeline/Particles/Lit': fallback shader 'Universal Render Pipeline/Particles/SimpleLit' not found
Shader 'Universal Render Pipeline/Particles/Lit': fallback shader 'Universal Render Pipeline/Particles/SimpleLit' not found
Refreshing native plugins compatible for Editor in 0.53 ms, found 0 plugins.
Preloading 0 native plugins for Editor in 0.00 ms.
Unloading 2835 Unused Serialized files (Serialized files now loaded: 0)
System memory in use before: 135.8 MB.
System memory in use after: 133.7 MB.

Unloading 44 unused Assets to reduce memory usage. Loaded Objects now: 3680.
Total: 6.571600 ms (FindLiveObjects: 0.566700 ms CreateObjectMapping: 0.256500 ms MarkObjects: 3.775400 ms  DeleteObjects: 1.971300 ms)

========================================================================
Received Prepare
Registering precompiled user dll's ...
Registered in 0.001748 seconds.
Begin MonoManager ReloadAssembly
Native extension for WindowsStandalone target not found
Refreshing native plugins compatible for Editor in 0.56 ms, found 0 plugins.
Preloading 0 native plugins for Editor in 0.00 ms.
Warning: Annotation not found!
UnityEngine.StackTraceUtility:ExtractStackTrace ()
UnityEditor.ProBuilder.EditorUtility:SetGizmoIconEnabled (System.Type,bool) (at Library/PackageCache/com.unity.probuilder@4.4.0/Editor/EditorCore/EditorUtility.cs:593)
UnityEditor.ProBuilder.HierarchyListener:.cctor () (at Library/PackageCache/com.unity.probuilder@4.4.0/Editor/EditorCore/HierarchyListener.cs:21)
System.Runtime.CompilerServices.RuntimeHelpers:RunClassConstructor (System.RuntimeTypeHandle)
UnityEditor.EditorAssemblies:ProcessInitializeOnLoadAttributes (System.Type[])

[Library/PackageCache/com.unity.probuilder@4.4.0/Editor/EditorCore/EditorUtility.cs line 593]

Invoked RoslynAnalysisRunner static constructor.
RoslynAnalysisRunner will not be running.
RoslynAnalysisRunner has terminated.
Mono: successfully reloaded assembly
- Completed reload, in  1.050 seconds
Platform modules already initialized, skipping
Shader 'Universal Render Pipeline/Particles/Lit': fallback shader 'Universal Render Pipeline/Particles/SimpleLit' not found
Shader 'Universal Render Pipeline/Particles/Lit': fallback shader 'Universal Render Pipeline/Particles/SimpleLit' not found
Refreshing native plugins compatible for Editor in 0.55 ms, found 0 plugins.
Preloading 0 native plugins for Editor in 0.00 ms.
Unloading 2835 Unused Serialized files (Serialized files now loaded: 0)
System memory in use before: 135.8 MB.
System memory in use after: 133.7 MB.

Unloading 44 unused Assets to reduce memory usage. Loaded Objects now: 3682.
Total: 5.105000 ms (FindLiveObjects: 0.377500 ms CreateObjectMapping: 0.081500 ms MarkObjects: 3.036300 ms  DeleteObjects: 1.608300 ms)

========================================================================
Received Prepare
Registering precompiled user dll's ...
Registered in 0.001710 seconds.
Begin MonoManager ReloadAssembly
Native extension for WindowsStandalone target not found
Refreshing native plugins compatible for Editor in 0.53 ms, found 0 plugins.
Preloading 0 native plugins for Editor in 0.00 ms.
Warning: Annotation not found!
UnityEngine.StackTraceUtility:ExtractStackTrace ()
UnityEditor.ProBuilder.EditorUtility:SetGizmoIconEnabled (System.Type,bool) (at Library/PackageCache/com.unity.probuilder@4.4.0/Editor/EditorCore/EditorUtility.cs:593)
UnityEditor.ProBuilder.HierarchyListener:.cctor () (at Library/PackageCache/com.unity.probuilder@4.4.0/Editor/EditorCore/HierarchyListener.cs:21)
System.Runtime.CompilerServices.RuntimeHelpers:RunClassConstructor (System.RuntimeTypeHandle)
UnityEditor.EditorAssemblies:ProcessInitializeOnLoadAttributes (System.Type[])

[Library/PackageCache/com.unity.probuilder@4.4.0/Editor/EditorCore/EditorUtility.cs line 593]

Invoked RoslynAnalysisRunner static constructor.
RoslynAnalysisRunner will not be running.
RoslynAnalysisRunner has terminated.
Mono: successfully reloaded assembly
- Completed reload, in  1.033 seconds
Platform modules already initialized, skipping
Shader 'Universal Render Pipeline/Particles/Lit': fallback shader 'Universal Render Pipeline/Particles/SimpleLit' not found
Shader 'Universal Render Pipeline/Particles/Lit': fallback shader 'Universal Render Pipeline/Particles/SimpleLit' not found
Refreshing native plugins compatible for Editor in 0.56 ms, found 0 plugins.
Preloading 0 native plugins for Editor in 0.00 ms.
Unloading 2835 Unused Serialized files (Serialized files now loaded: 0)
System memory in use before: 135.8 MB.
System memory in use after: 133.7 MB.

Unloading 44 unused Assets to reduce memory usage. Loaded Objects now: 3684.
Total: 4.931200 ms (FindLiveObjects: 0.387300 ms CreateObjectMapping: 0.082500 ms MarkObjects: 2.740700 ms  DeleteObjects: 1.719500 ms)

========================================================================
Received Prepare
Registering precompiled user dll's ...
Registered in 0.002109 seconds.
Begin MonoManager ReloadAssembly
Native extension for WindowsStandalone target not found
Refreshing native plugins compatible for Editor in 0.54 ms, found 0 plugins.
Preloading 0 native plugins for Editor in 0.00 ms.
Warning: Annotation not found!
UnityEngine.StackTraceUtility:ExtractStackTrace ()
UnityEditor.ProBuilder.EditorUtility:SetGizmoIconEnabled (System.Type,bool) (at Library/PackageCache/com.unity.probuilder@4.4.0/Editor/EditorCore/EditorUtility.cs:593)
UnityEditor.ProBuilder.HierarchyListener:.cctor () (at Library/PackageCache/com.unity.probuilder@4.4.0/Editor/EditorCore/HierarchyListener.cs:21)
System.Runtime.CompilerServices.RuntimeHelpers:RunClassConstructor (System.RuntimeTypeHandle)
UnityEditor.EditorAssemblies:ProcessInitializeOnLoadAttributes (System.Type[])

[Library/PackageCache/com.unity.probuilder@4.4.0/Editor/EditorCore/EditorUtility.cs line 593]

Invoked RoslynAnalysisRunner static constructor.
RoslynAnalysisRunner will not be running.
RoslynAnalysisRunner has terminated.
Mono: successfully reloaded assembly
- Completed reload, in  1.016 seconds
Platform modules already initialized, skipping
Shader 'Universal Render Pipeline/Particles/Lit': fallback shader 'Universal Render Pipeline/Particles/SimpleLit' not found
Shader 'Universal Render Pipeline/Particles/Lit': fallback shader 'Universal Render Pipeline/Particles/SimpleLit' not found
Refreshing native plugins compatible for Editor in 0.56 ms, found 0 plugins.
Preloading 0 native plugins for Editor in 0.00 ms.
Unloading 2835 Unused Serialized files (Serialized files now loaded: 0)
System memory in use before: 135.8 MB.
System memory in use after: 133.7 MB.

Unloading 44 unused Assets to reduce memory usage. Loaded Objects now: 3686.
Total: 5.054900 ms (FindLiveObjects: 0.383600 ms CreateObjectMapping: 0.085700 ms MarkObjects: 2.889700 ms  DeleteObjects: 1.694600 ms)

========================================================================
Received Prepare
Registering precompiled user dll's ...
Registered in 0.001884 seconds.
Begin MonoManager ReloadAssembly
Native extension for WindowsStandalone target not found
Refreshing native plugins compatible for Editor in 0.58 ms, found 0 plugins.
Preloading 0 native plugins for Editor in 0.00 ms.
Warning: Annotation not found!
UnityEngine.StackTraceUtility:ExtractStackTrace ()
UnityEditor.ProBuilder.EditorUtility:SetGizmoIconEnabled (System.Type,bool) (at Library/PackageCache/com.unity.probuilder@4.4.0/Editor/EditorCore/EditorUtility.cs:593)
UnityEditor.ProBuilder.HierarchyListener:.cctor () (at Library/PackageCache/com.unity.probuilder@4.4.0/Editor/EditorCore/HierarchyListener.cs:21)
System.Runtime.CompilerServices.RuntimeHelpers:RunClassConstructor (System.RuntimeTypeHandle)
UnityEditor.EditorAssemblies:ProcessInitializeOnLoadAttributes (System.Type[])

[Library/PackageCache/com.unity.probuilder@4.4.0/Editor/EditorCore/EditorUtility.cs line 593]

Invoked RoslynAnalysisRunner static constructor.
RoslynAnalysisRunner will not be running.
RoslynAnalysisRunner has terminated.
Mono: successfully reloaded assembly
- Completed reload, in  1.018 seconds
Platform modules already initialized, skipping
Shader 'Universal Render Pipeline/Particles/Lit': fallback shader 'Universal Render Pipeline/Particles/SimpleLit' not found
Shader 'Universal Render Pipeline/Particles/Lit': fallback shader 'Universal Render Pipeline/Particles/SimpleLit' not found
Refreshing native plugins compatible for Editor in 0.55 ms, found 0 plugins.
Preloading 0 native plugins for Editor in 0.00 ms.
Unloading 2835 Unused Serialized files (Serialized files now loaded: 0)
System memory in use before: 135.8 MB.
System memory in use after: 133.7 MB.

Unloading 44 unused Assets to reduce memory usage. Loaded Objects now: 3688.
Total: 5.917900 ms (FindLiveObjects: 0.372200 ms CreateObjectMapping: 0.081900 ms MarkObjects: 3.881400 ms  DeleteObjects: 1.581000 ms)

========================================================================
Received Prepare
Registering precompiled user dll's ...
Registered in 0.001801 seconds.
Begin MonoManager ReloadAssembly
Native extension for WindowsStandalone target not found
Refreshing native plugins compatible for Editor in 0.55 ms, found 0 plugins.
Preloading 0 native plugins for Editor in 0.00 ms.
Warning: Annotation not found!
UnityEngine.StackTraceUtility:ExtractStackTrace ()
UnityEditor.ProBuilder.EditorUtility:SetGizmoIconEnabled (System.Type,bool) (at Library/PackageCache/com.unity.probuilder@4.4.0/Editor/EditorCore/EditorUtility.cs:593)
UnityEditor.ProBuilder.HierarchyListener:.cctor () (at Library/PackageCache/com.unity.probuilder@4.4.0/Editor/EditorCore/HierarchyListener.cs:21)
System.Runtime.CompilerServices.RuntimeHelpers:RunClassConstructor (System.RuntimeTypeHandle)
UnityEditor.EditorAssemblies:ProcessInitializeOnLoadAttributes (System.Type[])

[Library/PackageCache/com.unity.probuilder@4.4.0/Editor/EditorCore/EditorUtility.cs line 593]

Invoked RoslynAnalysisRunner static constructor.
RoslynAnalysisRunner will not be running.
RoslynAnalysisRunner has terminated.
Mono: successfully reloaded assembly
- Completed reload, in  1.031 seconds
Platform modules already initialized, skipping
Shader 'Universal Render Pipeline/Particles/Lit': fallback shader 'Universal Render Pipeline/Particles/SimpleLit' not found
Shader 'Universal Render Pipeline/Particles/Lit': fallback shader 'Universal Render Pipeline/Particles/SimpleLit' not found
Refreshing native plugins compatible for Editor in 0.57 ms, found 0 plugins.
Preloading 0 native plugins for Editor in 0.00 ms.
Unloading 2835 Unused Serialized files (Serialized files now loaded: 0)
System memory in use before: 135.8 MB.
System memory in use after: 133.7 MB.

Unloading 44 unused Assets to reduce memory usage. Loaded Objects now: 3690.
Total: 4.761900 ms (FindLiveObjects: 0.394300 ms CreateObjectMapping: 0.082200 ms MarkObjects: 2.718700 ms  DeleteObjects: 1.565700 ms)

========================================================================
Received Prepare
Registering precompiled user dll's ...
Registered in 0.001735 seconds.
Begin MonoManager ReloadAssembly
Native extension for WindowsStandalone target not found
Refreshing native plugins compatible for Editor in 0.56 ms, found 0 plugins.
Preloading 0 native plugins for Editor in 0.00 ms.
Warning: Annotation not found!
UnityEngine.StackTraceUtility:ExtractStackTrace ()
UnityEditor.ProBuilder.EditorUtility:SetGizmoIconEnabled (System.Type,bool) (at Library/PackageCache/com.unity.probuilder@4.4.0/Editor/EditorCore/EditorUtility.cs:593)
UnityEditor.ProBuilder.HierarchyListener:.cctor () (at Library/PackageCache/com.unity.probuilder@4.4.0/Editor/EditorCore/HierarchyListener.cs:21)
System.Runtime.CompilerServices.RuntimeHelpers:RunClassConstructor (System.RuntimeTypeHandle)
UnityEditor.EditorAssemblies:ProcessInitializeOnLoadAttributes (System.Type[])

[Library/PackageCache/com.unity.probuilder@4.4.0/Editor/EditorCore/EditorUtility.cs line 593]

Invoked RoslynAnalysisRunner static constructor.
RoslynAnalysisRunner will not be running.
RoslynAnalysisRunner has terminated.
Mono: successfully reloaded assembly
- Completed reload, in  1.021 seconds
Platform modules already initialized, skipping
Shader 'Universal Render Pipeline/Particles/Lit': fallback shader 'Universal Render Pipeline/Particles/SimpleLit' not found
Shader 'Universal Render Pipeline/Particles/Lit': fallback shader 'Universal Render Pipeline/Particles/SimpleLit' not found
Refreshing native plugins compatible for Editor in 0.56 ms, found 0 plugins.
Preloading 0 native plugins for Editor in 0.00 ms.
Unloading 2835 Unused Serialized files (Serialized files now loaded: 0)
System memory in use before: 135.9 MB.
System memory in use after: 133.8 MB.

Unloading 44 unused Assets to reduce memory usage. Loaded Objects now: 3692.
Total: 5.084000 ms (FindLiveObjects: 0.385700 ms CreateObjectMapping: 0.080600 ms MarkObjects: 2.830100 ms  DeleteObjects: 1.786200 ms)

========================================================================
Received Prepare
Registering precompiled user dll's ...
Registered in 0.001938 seconds.
Begin MonoManager ReloadAssembly
Native extension for WindowsStandalone target not found
Refreshing native plugins compatible for Editor in 0.58 ms, found 0 plugins.
Preloading 0 native plugins for Editor in 0.00 ms.
Warning: Annotation not found!
UnityEngine.StackTraceUtility:ExtractStackTrace ()
UnityEditor.ProBuilder.EditorUtility:SetGizmoIconEnabled (System.Type,bool) (at Library/PackageCache/com.unity.probuilder@4.4.0/Editor/EditorCore/EditorUtility.cs:593)
UnityEditor.ProBuilder.HierarchyListener:.cctor () (at Library/PackageCache/com.unity.probuilder@4.4.0/Editor/EditorCore/HierarchyListener.cs:21)
System.Runtime.CompilerServices.RuntimeHelpers:RunClassConstructor (System.RuntimeTypeHandle)
UnityEditor.EditorAssemblies:ProcessInitializeOnLoadAttributes (System.Type[])

[Library/PackageCache/com.unity.probuilder@4.4.0/Editor/EditorCore/EditorUtility.cs line 593]

Invoked RoslynAnalysisRunner static constructor.
RoslynAnalysisRunner will not be running.
RoslynAnalysisRunner has terminated.
Mono: successfully reloaded assembly
- Completed reload, in  1.023 seconds
Platform modules already initialized, skipping
Shader 'Universal Render Pipeline/Particles/Lit': fallback shader 'Universal Render Pipeline/Particles/SimpleLit' not found
Shader 'Universal Render Pipeline/Particles/Lit': fallback shader 'Universal Render Pipeline/Particles/SimpleLit' not found
Refreshing native plugins compatible for Editor in 0.56 ms, found 0 plugins.
Preloading 0 native plugins for Editor in 0.00 ms.
Unloading 2835 Unused Serialized files (Serialized files now loaded: 0)
System memory in use before: 135.8 MB.
System memory in use after: 133.7 MB.

Unloading 44 unused Assets to reduce memory usage. Loaded Objects now: 3694.
Total: 5.205900 ms (FindLiveObjects: 0.392400 ms CreateObjectMapping: 0.083900 ms MarkObjects: 3.089200 ms  DeleteObjects: 1.639200 ms)

========================================================================
Received Prepare
Registering precompiled user dll's ...
Registered in 0.001744 seconds.
Begin MonoManager ReloadAssembly
Native extension for WindowsStandalone target not found
Refreshing native plugins compatible for Editor in 0.56 ms, found 0 plugins.
Preloading 0 native plugins for Editor in 0.00 ms.
Warning: Annotation not found!
UnityEngine.StackTraceUtility:ExtractStackTrace ()
UnityEditor.ProBuilder.EditorUtility:SetGizmoIconEnabled (System.Type,bool) (at Library/PackageCache/com.unity.probuilder@4.4.0/Editor/EditorCore/EditorUtility.cs:593)
UnityEditor.ProBuilder.HierarchyListener:.cctor () (at Library/PackageCache/com.unity.probuilder@4.4.0/Editor/EditorCore/HierarchyListener.cs:21)
System.Runtime.CompilerServices.RuntimeHelpers:RunClassConstructor (System.RuntimeTypeHandle)
UnityEditor.EditorAssemblies:ProcessInitializeOnLoadAttributes (System.Type[])

[Library/PackageCache/com.unity.probuilder@4.4.0/Editor/EditorCore/EditorUtility.cs line 593]

Invoked RoslynAnalysisRunner static constructor.
RoslynAnalysisRunner will not be running.
RoslynAnalysisRunner has terminated.
Mono: successfully reloaded assembly
- Completed reload, in  1.016 seconds
Platform modules already initialized, skipping
Shader 'Universal Render Pipeline/Particles/Lit': fallback shader 'Universal Render Pipeline/Particles/SimpleLit' not found
Shader 'Universal Render Pipeline/Particles/Lit': fallback shader 'Universal Render Pipeline/Particles/SimpleLit' not found
Refreshing native plugins compatible for Editor in 0.74 ms, found 0 plugins.
Preloading 0 native plugins for Editor in 0.00 ms.
Unloading 2835 Unused Serialized files (Serialized files now loaded: 0)
System memory in use before: 135.8 MB.
System memory in use after: 133.7 MB.

Unloading 44 unused Assets to reduce memory usage. Loaded Objects now: 3696.
Total: 5.492900 ms (FindLiveObjects: 0.406600 ms CreateObjectMapping: 0.090400 ms MarkObjects: 3.319600 ms  DeleteObjects: 1.674800 ms)

========================================================================
Received Prepare
Registering precompiled user dll's ...
Registered in 0.001852 seconds.
Begin MonoManager ReloadAssembly
Native extension for WindowsStandalone target not found
Refreshing native plugins compatible for Editor in 0.75 ms, found 0 plugins.
Preloading 0 native plugins for Editor in 0.00 ms.
Warning: Annotation not found!
UnityEngine.StackTraceUtility:ExtractStackTrace ()
UnityEditor.ProBuilder.EditorUtility:SetGizmoIconEnabled (System.Type,bool) (at Library/PackageCache/com.unity.probuilder@4.4.0/Editor/EditorCore/EditorUtility.cs:593)
UnityEditor.ProBuilder.HierarchyListener:.cctor () (at Library/PackageCache/com.unity.probuilder@4.4.0/Editor/EditorCore/HierarchyListener.cs:21)
System.Runtime.CompilerServices.RuntimeHelpers:RunClassConstructor (System.RuntimeTypeHandle)
UnityEditor.EditorAssemblies:ProcessInitializeOnLoadAttributes (System.Type[])

[Library/PackageCache/com.unity.probuilder@4.4.0/Editor/EditorCore/EditorUtility.cs line 593]

Invoked RoslynAnalysisRunner static constructor.
RoslynAnalysisRunner will not be running.
RoslynAnalysisRunner has terminated.
Mono: successfully reloaded assembly
- Completed reload, in  1.133 seconds
Platform modules already initialized, skipping
Shader 'Universal Render Pipeline/Particles/Lit': fallback shader 'Universal Render Pipeline/Particles/SimpleLit' not found
Shader 'Universal Render Pipeline/Particles/Lit': fallback shader 'Universal Render Pipeline/Particles/SimpleLit' not found
Refreshing native plugins compatible for Editor in 0.84 ms, found 0 plugins.
Preloading 0 native plugins for Editor in 0.00 ms.
Unloading 2835 Unused Serialized files (Serialized files now loaded: 0)
System memory in use before: 135.8 MB.
System memory in use after: 133.7 MB.

Unloading 44 unused Assets to reduce memory usage. Loaded Objects now: 3698.
Total: 6.546000 ms (FindLiveObjects: 0.439700 ms CreateObjectMapping: 0.088800 ms MarkObjects: 4.229500 ms  DeleteObjects: 1.785900 ms)

========================================================================
Received Prepare
Registering precompiled user dll's ...
Registered in 0.001817 seconds.
Begin MonoManager ReloadAssembly
Native extension for WindowsStandalone target not found
Refreshing native plugins compatible for Editor in 0.58 ms, found 0 plugins.
Preloading 0 native plugins for Editor in 0.00 ms.
Warning: Annotation not found!
UnityEngine.StackTraceUtility:ExtractStackTrace ()
UnityEditor.ProBuilder.EditorUtility:SetGizmoIconEnabled (System.Type,bool) (at Library/PackageCache/com.unity.probuilder@4.4.0/Editor/EditorCore/EditorUtility.cs:593)
UnityEditor.ProBuilder.HierarchyListener:.cctor () (at Library/PackageCache/com.unity.probuilder@4.4.0/Editor/EditorCore/HierarchyListener.cs:21)
System.Runtime.CompilerServices.RuntimeHelpers:RunClassConstructor (System.RuntimeTypeHandle)
UnityEditor.EditorAssemblies:ProcessInitializeOnLoadAttributes (System.Type[])

[Library/PackageCache/com.unity.probuilder@4.4.0/Editor/EditorCore/EditorUtility.cs line 593]

Invoked RoslynAnalysisRunner static constructor.
RoslynAnalysisRunner will not be running.
RoslynAnalysisRunner has terminated.
Mono: successfully reloaded assembly
- Completed reload, in  1.105 seconds
Platform modules already initialized, skipping
Shader 'Universal Render Pipeline/Particles/Lit': fallback shader 'Universal Render Pipeline/Particles/SimpleLit' not found
Shader 'Universal Render Pipeline/Particles/Lit': fallback shader 'Universal Render Pipeline/Particles/SimpleLit' not found
Refreshing native plugins compatible for Editor in 0.60 ms, found 0 plugins.
Preloading 0 native plugins for Editor in 0.00 ms.
Unloading 2835 Unused Serialized files (Serialized files now loaded: 0)
System memory in use before: 135.8 MB.
System memory in use after: 133.7 MB.

Unloading 44 unused Assets to reduce memory usage. Loaded Objects now: 3700.
Total: 5.045400 ms (FindLiveObjects: 0.397300 ms CreateObjectMapping: 0.081300 ms MarkObjects: 2.880800 ms  DeleteObjects: 1.684600 ms)

========================================================================
Received Prepare
Registering precompiled user dll's ...
Registered in 0.001783 seconds.
Begin MonoManager ReloadAssembly
Native extension for WindowsStandalone target not found
Refreshing native plugins compatible for Editor in 0.55 ms, found 0 plugins.
Preloading 0 native plugins for Editor in 0.00 ms.
Warning: Annotation not found!
UnityEngine.StackTraceUtility:ExtractStackTrace ()
UnityEditor.ProBuilder.EditorUtility:SetGizmoIconEnabled (System.Type,bool) (at Library/PackageCache/com.unity.probuilder@4.4.0/Editor/EditorCore/EditorUtility.cs:593)
UnityEditor.ProBuilder.HierarchyListener:.cctor () (at Library/PackageCache/com.unity.probuilder@4.4.0/Editor/EditorCore/HierarchyListener.cs:21)
System.Runtime.CompilerServices.RuntimeHelpers:RunClassConstructor (System.RuntimeTypeHandle)
UnityEditor.EditorAssemblies:ProcessInitializeOnLoadAttributes (System.Type[])

[Library/PackageCache/com.unity.probuilder@4.4.0/Editor/EditorCore/EditorUtility.cs line 593]

Invoked RoslynAnalysisRunner static constructor.
RoslynAnalysisRunner will not be running.
RoslynAnalysisRunner has terminated.
Mono: successfully reloaded assembly
- Completed reload, in  1.022 seconds
Platform modules already initialized, skipping
Shader 'Universal Render Pipeline/Particles/Lit': fallback shader 'Universal Render Pipeline/Particles/SimpleLit' not found
Shader 'Universal Render Pipeline/Particles/Lit': fallback shader 'Universal Render Pipeline/Particles/SimpleLit' not found
Refreshing native plugins compatible for Editor in 0.55 ms, found 0 plugins.
Preloading 0 native plugins for Editor in 0.00 ms.
Unloading 2835 Unused Serialized files (Serialized files now loaded: 0)
System memory in use before: 135.9 MB.
System memory in use after: 133.8 MB.

Unloading 44 unused Assets to reduce memory usage. Loaded Objects now: 3702.
Total: 4.748000 ms (FindLiveObjects: 0.384500 ms CreateObjectMapping: 0.082000 ms MarkObjects: 2.744400 ms  DeleteObjects: 1.535900 ms)

========================================================================
Received Import Request.
  Time since last request: 2646.557857 seconds.
  path: Assets/Anim/Enemy/EnemySpider.prefab
  artifactKey: Guid(ac75a79a917abeb42a7c5ed7b0d3fcc5) Importer(815301076,1909f56bfc062723c751e8b465ee728b)
Start importing Assets/Anim/Enemy/EnemySpider.prefab using Guid(ac75a79a917abeb42a7c5ed7b0d3fcc5) Importer(815301076,1909f56bfc062723c751e8b465ee728b)  -> (artifact id: '0372a671414809c14a440edf4a669e40') in 0.259813 seconds
  Import took 0.266141 seconds .

========================================================================
Received Prepare
Registering precompiled user dll's ...
Registered in 0.001819 seconds.
Begin MonoManager ReloadAssembly
Native extension for WindowsStandalone target not found
Refreshing native plugins compatible for Editor in 0.79 ms, found 0 plugins.
Preloading 0 native plugins for Editor in 0.00 ms.
Warning: Annotation not found!
UnityEngine.StackTraceUtility:ExtractStackTrace ()
UnityEditor.ProBuilder.EditorUtility:SetGizmoIconEnabled (System.Type,bool) (at Library/PackageCache/com.unity.probuilder@4.4.0/Editor/EditorCore/EditorUtility.cs:593)
UnityEditor.ProBuilder.HierarchyListener:.cctor () (at Library/PackageCache/com.unity.probuilder@4.4.0/Editor/EditorCore/HierarchyListener.cs:21)
System.Runtime.CompilerServices.RuntimeHelpers:RunClassConstructor (System.RuntimeTypeHandle)
UnityEditor.EditorAssemblies:ProcessInitializeOnLoadAttributes (System.Type[])

[Library/PackageCache/com.unity.probuilder@4.4.0/Editor/EditorCore/EditorUtility.cs line 593]

Invoked RoslynAnalysisRunner static constructor.
RoslynAnalysisRunner will not be running.
RoslynAnalysisRunner has terminated.
Mono: successfully reloaded assembly
- Completed reload, in  1.018 seconds
Platform modules already initialized, skipping
Shader 'Universal Render Pipeline/Particles/Lit': fallback shader 'Universal Render Pipeline/Particles/SimpleLit' not found
Shader 'Universal Render Pipeline/Particles/Lit': fallback shader 'Universal Render Pipeline/Particles/SimpleLit' not found
Refreshing native plugins compatible for Editor in 0.56 ms, found 0 plugins.
Preloading 0 native plugins for Editor in 0.00 ms.
Unloading 2835 Unused Serialized files (Serialized files now loaded: 0)
System memory in use before: 146.9 MB.
System memory in use after: 144.8 MB.

Unloading 44 unused Assets to reduce memory usage. Loaded Objects now: 3741.
Total: 5.055300 ms (FindLiveObjects: 0.418200 ms CreateObjectMapping: 0.082300 ms MarkObjects: 3.007000 ms  DeleteObjects: 1.546300 ms)

========================================================================
Received Import Request.
  Time since last request: 75.268338 seconds.
  path: Assets/Anim/Enemy/EnemySpider.prefab
  artifactKey: Guid(ac75a79a917abeb42a7c5ed7b0d3fcc5) Importer(815301076,1909f56bfc062723c751e8b465ee728b)
Start importing Assets/Anim/Enemy/EnemySpider.prefab using Guid(ac75a79a917abeb42a7c5ed7b0d3fcc5) Importer(815301076,1909f56bfc062723c751e8b465ee728b)  -> (artifact id: '3cb9facf837528c0e5a20626b9b38282') in 0.193164 seconds
  Import took 0.199431 seconds .

========================================================================
Received Import Request.
  Time since last request: 0.922044 seconds.
  path: Assets/Anim/Enemy/EnemySpider.prefab
  artifactKey: Guid(ac75a79a917abeb42a7c5ed7b0d3fcc5) Importer(815301076,1909f56bfc062723c751e8b465ee728b)
Start importing Assets/Anim/Enemy/EnemySpider.prefab using Guid(ac75a79a917abeb42a7c5ed7b0d3fcc5) Importer(815301076,1909f56bfc062723c751e8b465ee728b)  -> (artifact id: '5c91e03284095153f17ed8b8529f1fb4') in 0.042452 seconds
  Import took 0.048954 seconds .

========================================================================
Received Prepare
Registering precompiled user dll's ...
Registered in 0.001817 seconds.
Begin MonoManager ReloadAssembly
Native extension for WindowsStandalone target not found
Refreshing native plugins compatible for Editor in 0.54 ms, found 0 plugins.
Preloading 0 native plugins for Editor in 0.00 ms.
Warning: Annotation not found!
UnityEngine.StackTraceUtility:ExtractStackTrace ()
UnityEditor.ProBuilder.EditorUtility:SetGizmoIconEnabled (System.Type,bool) (at Library/PackageCache/com.unity.probuilder@4.4.0/Editor/EditorCore/EditorUtility.cs:593)
UnityEditor.ProBuilder.HierarchyListener:.cctor () (at Library/PackageCache/com.unity.probuilder@4.4.0/Editor/EditorCore/HierarchyListener.cs:21)
System.Runtime.CompilerServices.RuntimeHelpers:RunClassConstructor (System.RuntimeTypeHandle)
UnityEditor.EditorAssemblies:ProcessInitializeOnLoadAttributes (System.Type[])

[Library/PackageCache/com.unity.probuilder@4.4.0/Editor/EditorCore/EditorUtility.cs line 593]

Invoked RoslynAnalysisRunner static constructor.
RoslynAnalysisRunner will not be running.
RoslynAnalysisRunner has terminated.
Mono: successfully reloaded assembly
- Completed reload, in  1.058 seconds
Platform modules already initialized, skipping
Shader 'Universal Render Pipeline/Particles/Lit': fallback shader 'Universal Render Pipeline/Particles/SimpleLit' not found
Shader 'Universal Render Pipeline/Particles/Lit': fallback shader 'Universal Render Pipeline/Particles/SimpleLit' not found
Refreshing native plugins compatible for Editor in 0.57 ms, found 0 plugins.
Preloading 0 native plugins for Editor in 0.00 ms.
Unloading 2835 Unused Serialized files (Serialized files now loaded: 0)
System memory in use before: 147.1 MB.
System memory in use after: 145.0 MB.

Unloading 44 unused Assets to reduce memory usage. Loaded Objects now: 3779.
Total: 5.840800 ms (FindLiveObjects: 0.835200 ms CreateObjectMapping: 0.253900 ms MarkObjects: 3.009300 ms  DeleteObjects: 1.740400 ms)

========================================================================
Received Prepare
Registering precompiled user dll's ...
Registered in 0.001791 seconds.
Begin MonoManager ReloadAssembly
Native extension for WindowsStandalone target not found
Refreshing native plugins compatible for Editor in 0.58 ms, found 0 plugins.
Preloading 0 native plugins for Editor in 0.00 ms.
Warning: Annotation not found!
UnityEngine.StackTraceUtility:ExtractStackTrace ()
UnityEditor.ProBuilder.EditorUtility:SetGizmoIconEnabled (System.Type,bool) (at Library/PackageCache/com.unity.probuilder@4.4.0/Editor/EditorCore/EditorUtility.cs:593)
UnityEditor.ProBuilder.HierarchyListener:.cctor () (at Library/PackageCache/com.unity.probuilder@4.4.0/Editor/EditorCore/HierarchyListener.cs:21)
System.Runtime.CompilerServices.RuntimeHelpers:RunClassConstructor (System.RuntimeTypeHandle)
UnityEditor.EditorAssemblies:ProcessInitializeOnLoadAttributes (System.Type[])

[Library/PackageCache/com.unity.probuilder@4.4.0/Editor/EditorCore/EditorUtility.cs line 593]

Invoked RoslynAnalysisRunner static constructor.
RoslynAnalysisRunner will not be running.
RoslynAnalysisRunner has terminated.
Mono: successfully reloaded assembly
- Completed reload, in  1.040 seconds
Platform modules already initialized, skipping
Shader 'Universal Render Pipeline/Particles/Lit': fallback shader 'Universal Render Pipeline/Particles/SimpleLit' not found
Shader 'Universal Render Pipeline/Particles/Lit': fallback shader 'Universal Render Pipeline/Particles/SimpleLit' not found
Refreshing native plugins compatible for Editor in 0.55 ms, found 0 plugins.
Preloading 0 native plugins for Editor in 0.00 ms.
Unloading 2835 Unused Serialized files (Serialized files now loaded: 0)
System memory in use before: 147.1 MB.
System memory in use after: 145.0 MB.

Unloading 44 unused Assets to reduce memory usage. Loaded Objects now: 3781.
Total: 4.832100 ms (FindLiveObjects: 0.403200 ms CreateObjectMapping: 0.082500 ms MarkObjects: 2.755400 ms  DeleteObjects: 1.589400 ms)

